2024-11-24 09:52:28,950 - root - INFO - Namespace(seed=2019, model_type='fm', data_name='train-running-data', data_dir='/kaggle/input/mooccubex-dataset-without-community/data-mooc-for-test-final', use_user_info=1, use_pretrain=0, pretrain_embedding_dir='datasets/pretrain/', pretrain_model_path='trained_model/model.pth', embed_dim=64, hidden_dim_list='[64, 32, 16]', mess_dropout='[0.1, 0.1, 0.1]', l2loss_lambda=1e-05, train_batch_size=1024, test_batch_size=1024, test_cores=0, lr=0.0001, n_epoch=1000, stopping_steps=5, print_every=500, evaluate_every=5, Ks='[1, 5, 10]', save_dir='trained_model/NFM/train-running-data/fm_embed-dim64_64-32-16_lr0.0001_pretrain0_user-info1/')
2024-11-24 09:52:30,998 - root - INFO - n_users:              99970
2024-11-24 09:52:30,998 - root - INFO - n_items:              2827
2024-11-24 09:52:30,998 - root - INFO - n_entities:           10296
2024-11-24 09:52:30,998 - root - INFO - n_user_attr:           99973
2024-11-24 09:52:30,998 - root - INFO - n_users_entities:     110269
2024-11-24 09:52:30,998 - root - INFO - n_cf_train:           1796450
2024-11-24 09:52:30,999 - root - INFO - n_cf_test:            99970
2024-11-24 09:52:30,999 - root - INFO - shape of user_matrix: (99970, 99973)
2024-11-24 09:52:30,999 - root - INFO - shape of feat_matrix: (2827, 10296)
2024-11-24 09:52:31,274 - root - INFO - NFM(
  (linear): Linear(in_features=110269, out_features=1, bias=True)
  (h): Linear(in_features=64, out_features=1, bias=False)
)
2024-11-24 09:52:57,561 - root - INFO - CF Training: Epoch 0001 Iter 0500 / 1755 | Time 0.0s | Iter Loss 0.4507 | Iter Mean Loss 0.5257
2024-11-24 09:53:22,375 - root - INFO - CF Training: Epoch 0001 Iter 1000 / 1755 | Time 0.1s | Iter Loss 0.3813 | Iter Mean Loss 0.4600
2024-11-24 09:53:47,596 - root - INFO - CF Training: Epoch 0001 Iter 1500 / 1755 | Time 0.0s | Iter Loss 0.3225 | Iter Mean Loss 0.4210
2024-11-24 09:54:00,328 - root - INFO - CF Training: Epoch 0001 Total Iter 1755 | Total Time 88.3s | Iter Mean Loss 0.4068
2024-11-24 09:54:25,252 - root - INFO - CF Training: Epoch 0002 Iter 0500 / 1755 | Time 0.0s | Iter Loss 0.3109 | Iter Mean Loss 0.3140
2024-11-24 09:54:50,506 - root - INFO - CF Training: Epoch 0002 Iter 1000 / 1755 | Time 0.0s | Iter Loss 0.3022 | Iter Mean Loss 0.3092
2024-11-24 09:55:15,630 - root - INFO - CF Training: Epoch 0002 Iter 1500 / 1755 | Time 0.1s | Iter Loss 0.2758 | Iter Mean Loss 0.3054
2024-11-24 09:55:28,251 - root - INFO - CF Training: Epoch 0002 Total Iter 1755 | Total Time 87.9s | Iter Mean Loss 0.3035
2024-11-24 09:55:53,368 - root - INFO - CF Training: Epoch 0003 Iter 0500 / 1755 | Time 0.1s | Iter Loss 0.2984 | Iter Mean Loss 0.2909
2024-11-24 09:56:18,632 - root - INFO - CF Training: Epoch 0003 Iter 1000 / 1755 | Time 0.1s | Iter Loss 0.2704 | Iter Mean Loss 0.2891
2024-11-24 09:56:43,755 - root - INFO - CF Training: Epoch 0003 Iter 1500 / 1755 | Time 0.0s | Iter Loss 0.3038 | Iter Mean Loss 0.2874
2024-11-24 09:56:56,455 - root - INFO - CF Training: Epoch 0003 Total Iter 1755 | Total Time 88.2s | Iter Mean Loss 0.2866
2024-11-24 09:57:21,739 - root - INFO - CF Training: Epoch 0004 Iter 0500 / 1755 | Time 0.1s | Iter Loss 0.2708 | Iter Mean Loss 0.2796
2024-11-24 09:57:46,878 - root - INFO - CF Training: Epoch 0004 Iter 1000 / 1755 | Time 0.1s | Iter Loss 0.2835 | Iter Mean Loss 0.2788
2024-11-24 09:58:11,867 - root - INFO - CF Training: Epoch 0004 Iter 1500 / 1755 | Time 0.0s | Iter Loss 0.2759 | Iter Mean Loss 0.2776
2024-11-24 09:58:24,615 - root - INFO - CF Training: Epoch 0004 Total Iter 1755 | Total Time 88.2s | Iter Mean Loss 0.2771
2024-11-24 09:58:49,873 - root - INFO - CF Training: Epoch 0005 Iter 0500 / 1755 | Time 0.1s | Iter Loss 0.2630 | Iter Mean Loss 0.2733
2024-11-24 09:59:15,271 - root - INFO - CF Training: Epoch 0005 Iter 1000 / 1755 | Time 0.0s | Iter Loss 0.2854 | Iter Mean Loss 0.2724
2024-11-24 09:59:40,156 - root - INFO - CF Training: Epoch 0005 Iter 1500 / 1755 | Time 0.0s | Iter Loss 0.2790 | Iter Mean Loss 0.2707
2024-11-24 09:59:52,983 - root - INFO - CF Training: Epoch 0005 Total Iter 1755 | Total Time 88.4s | Iter Mean Loss 0.2701
2024-11-24 10:11:00,695 - root - INFO - CF Evaluation: Epoch 0005 | Total Time 667.7s | Precision [0.2147, 0.0625], Recall [0.2147, 0.6253], NDCG [0.2147, 0.4018]
2024-11-24 10:11:00,734 - root - INFO - Save model on epoch 0005!
2024-11-24 10:11:26,534 - root - INFO - CF Training: Epoch 0006 Iter 0500 / 1755 | Time 0.0s | Iter Loss 0.2778 | Iter Mean Loss 0.2655
2024-11-24 10:11:51,893 - root - INFO - CF Training: Epoch 0006 Iter 1000 / 1755 | Time 0.1s | Iter Loss 0.2494 | Iter Mean Loss 0.2641
2024-11-24 10:12:17,236 - root - INFO - CF Training: Epoch 0006 Iter 1500 / 1755 | Time 0.0s | Iter Loss 0.2381 | Iter Mean Loss 0.2631
2024-11-24 10:12:30,026 - root - INFO - CF Training: Epoch 0006 Total Iter 1755 | Total Time 89.3s | Iter Mean Loss 0.2627
2024-11-24 10:12:55,500 - root - INFO - CF Training: Epoch 0007 Iter 0500 / 1755 | Time 0.0s | Iter Loss 0.2541 | Iter Mean Loss 0.2603
2024-11-24 10:13:21,001 - root - INFO - CF Training: Epoch 0007 Iter 1000 / 1755 | Time 0.0s | Iter Loss 0.2507 | Iter Mean Loss 0.2593
2024-11-24 10:13:45,986 - root - INFO - CF Training: Epoch 0007 Iter 1500 / 1755 | Time 0.0s | Iter Loss 0.2417 | Iter Mean Loss 0.2585
2024-11-24 10:13:59,076 - root - INFO - CF Training: Epoch 0007 Total Iter 1755 | Total Time 89.0s | Iter Mean Loss 0.2578
2024-11-24 10:14:24,728 - root - INFO - CF Training: Epoch 0008 Iter 0500 / 1755 | Time 0.1s | Iter Loss 0.2643 | Iter Mean Loss 0.2536
2024-11-24 10:14:49,947 - root - INFO - CF Training: Epoch 0008 Iter 1000 / 1755 | Time 0.0s | Iter Loss 0.2308 | Iter Mean Loss 0.2526
2024-11-24 10:15:15,778 - root - INFO - CF Training: Epoch 0008 Iter 1500 / 1755 | Time 0.0s | Iter Loss 0.2800 | Iter Mean Loss 0.2520
2024-11-24 10:15:29,098 - root - INFO - CF Training: Epoch 0008 Total Iter 1755 | Total Time 90.0s | Iter Mean Loss 0.2514
2024-11-24 10:15:54,209 - root - INFO - CF Training: Epoch 0009 Iter 0500 / 1755 | Time 0.1s | Iter Loss 0.2339 | Iter Mean Loss 0.2472
2024-11-24 10:16:19,850 - root - INFO - CF Training: Epoch 0009 Iter 1000 / 1755 | Time 0.0s | Iter Loss 0.2473 | Iter Mean Loss 0.2462
2024-11-24 10:16:45,291 - root - INFO - CF Training: Epoch 0009 Iter 1500 / 1755 | Time 0.0s | Iter Loss 0.2315 | Iter Mean Loss 0.2457
2024-11-24 10:16:58,152 - root - INFO - CF Training: Epoch 0009 Total Iter 1755 | Total Time 89.1s | Iter Mean Loss 0.2448
2024-11-24 10:17:23,770 - root - INFO - CF Training: Epoch 0010 Iter 0500 / 1755 | Time 0.0s | Iter Loss 0.2574 | Iter Mean Loss 0.2410
2024-11-24 10:17:49,143 - root - INFO - CF Training: Epoch 0010 Iter 1000 / 1755 | Time 0.0s | Iter Loss 0.2272 | Iter Mean Loss 0.2408
2024-11-24 10:18:14,740 - root - INFO - CF Training: Epoch 0010 Iter 1500 / 1755 | Time 0.0s | Iter Loss 0.2375 | Iter Mean Loss 0.2402
2024-11-24 10:18:27,539 - root - INFO - CF Training: Epoch 0010 Total Iter 1755 | Total Time 89.4s | Iter Mean Loss 0.2397
2024-11-24 10:29:35,189 - root - INFO - CF Evaluation: Epoch 0010 | Total Time 667.6s | Precision [0.2354, 0.0644], Recall [0.2354, 0.6441], NDCG [0.2354, 0.4216]
2024-11-24 10:29:35,238 - root - INFO - Save model on epoch 0010!
2024-11-24 10:30:00,724 - root - INFO - CF Training: Epoch 0011 Iter 0500 / 1755 | Time 0.1s | Iter Loss 0.2378 | Iter Mean Loss 0.2351
2024-11-24 10:30:26,033 - root - INFO - CF Training: Epoch 0011 Iter 1000 / 1755 | Time 0.1s | Iter Loss 0.2411 | Iter Mean Loss 0.2341
2024-11-24 10:30:51,310 - root - INFO - CF Training: Epoch 0011 Iter 1500 / 1755 | Time 0.0s | Iter Loss 0.2416 | Iter Mean Loss 0.2336
2024-11-24 10:31:04,193 - root - INFO - CF Training: Epoch 0011 Total Iter 1755 | Total Time 89.0s | Iter Mean Loss 0.2334
2024-11-24 10:31:29,849 - root - INFO - CF Training: Epoch 0012 Iter 0500 / 1755 | Time 0.0s | Iter Loss 0.2461 | Iter Mean Loss 0.2281
2024-11-24 10:31:54,959 - root - INFO - CF Training: Epoch 0012 Iter 1000 / 1755 | Time 0.0s | Iter Loss 0.2205 | Iter Mean Loss 0.2282
2024-11-24 10:32:20,808 - root - INFO - CF Training: Epoch 0012 Iter 1500 / 1755 | Time 0.1s | Iter Loss 0.2111 | Iter Mean Loss 0.2276
2024-11-24 10:32:33,644 - root - INFO - CF Training: Epoch 0012 Total Iter 1755 | Total Time 89.5s | Iter Mean Loss 0.2274
2024-11-24 10:32:58,783 - root - INFO - CF Training: Epoch 0013 Iter 0500 / 1755 | Time 0.0s | Iter Loss 0.2215 | Iter Mean Loss 0.2222
2024-11-24 10:33:24,106 - root - INFO - CF Training: Epoch 0013 Iter 1000 / 1755 | Time 0.0s | Iter Loss 0.2279 | Iter Mean Loss 0.2218
2024-11-24 10:33:49,654 - root - INFO - CF Training: Epoch 0013 Iter 1500 / 1755 | Time 0.0s | Iter Loss 0.2273 | Iter Mean Loss 0.2211
2024-11-24 10:34:02,449 - root - INFO - CF Training: Epoch 0013 Total Iter 1755 | Total Time 88.8s | Iter Mean Loss 0.2206
2024-11-24 10:34:27,930 - root - INFO - CF Training: Epoch 0014 Iter 0500 / 1755 | Time 0.1s | Iter Loss 0.1926 | Iter Mean Loss 0.2173
2024-11-24 10:34:53,597 - root - INFO - CF Training: Epoch 0014 Iter 1000 / 1755 | Time 0.1s | Iter Loss 0.1921 | Iter Mean Loss 0.2160
2024-11-24 10:35:18,831 - root - INFO - CF Training: Epoch 0014 Iter 1500 / 1755 | Time 0.1s | Iter Loss 0.2016 | Iter Mean Loss 0.2153
2024-11-24 10:35:31,826 - root - INFO - CF Training: Epoch 0014 Total Iter 1755 | Total Time 89.4s | Iter Mean Loss 0.2146
2024-11-24 10:35:57,607 - root - INFO - CF Training: Epoch 0015 Iter 0500 / 1755 | Time 0.1s | Iter Loss 0.1887 | Iter Mean Loss 0.2095
2024-11-24 10:36:23,184 - root - INFO - CF Training: Epoch 0015 Iter 1000 / 1755 | Time 0.1s | Iter Loss 0.2132 | Iter Mean Loss 0.2090
2024-11-24 10:36:48,567 - root - INFO - CF Training: Epoch 0015 Iter 1500 / 1755 | Time 0.0s | Iter Loss 0.2183 | Iter Mean Loss 0.2081
2024-11-24 10:37:01,675 - root - INFO - CF Training: Epoch 0015 Total Iter 1755 | Total Time 89.8s | Iter Mean Loss 0.2075
2024-11-24 10:48:03,422 - root - INFO - CF Evaluation: Epoch 0015 | Total Time 661.7s | Precision [0.2525, 0.0669], Recall [0.2525, 0.6689], NDCG [0.2525, 0.4418]
2024-11-24 10:48:03,469 - root - INFO - Save model on epoch 0015!
2024-11-24 10:48:29,103 - root - INFO - CF Training: Epoch 0016 Iter 0500 / 1755 | Time 0.0s | Iter Loss 0.1888 | Iter Mean Loss 0.2036
2024-11-24 10:48:54,137 - root - INFO - CF Training: Epoch 0016 Iter 1000 / 1755 | Time 0.0s | Iter Loss 0.2257 | Iter Mean Loss 0.2031
2024-11-24 10:49:19,850 - root - INFO - CF Training: Epoch 0016 Iter 1500 / 1755 | Time 0.0s | Iter Loss 0.2010 | Iter Mean Loss 0.2021
2024-11-24 10:49:32,789 - root - INFO - CF Training: Epoch 0016 Total Iter 1755 | Total Time 89.3s | Iter Mean Loss 0.2016
2024-11-24 10:49:57,873 - root - INFO - CF Training: Epoch 0017 Iter 0500 / 1755 | Time 0.1s | Iter Loss 0.2155 | Iter Mean Loss 0.1968
2024-11-24 10:50:23,326 - root - INFO - CF Training: Epoch 0017 Iter 1000 / 1755 | Time 0.1s | Iter Loss 0.2160 | Iter Mean Loss 0.1957
2024-11-24 10:50:48,727 - root - INFO - CF Training: Epoch 0017 Iter 1500 / 1755 | Time 0.0s | Iter Loss 0.2179 | Iter Mean Loss 0.1950
2024-11-24 10:51:01,465 - root - INFO - CF Training: Epoch 0017 Total Iter 1755 | Total Time 88.7s | Iter Mean Loss 0.1944
2024-11-24 10:51:26,956 - root - INFO - CF Training: Epoch 0018 Iter 0500 / 1755 | Time 0.1s | Iter Loss 0.1882 | Iter Mean Loss 0.1900
2024-11-24 10:51:52,263 - root - INFO - CF Training: Epoch 0018 Iter 1000 / 1755 | Time 0.1s | Iter Loss 0.1879 | Iter Mean Loss 0.1897
2024-11-24 10:52:17,807 - root - INFO - CF Training: Epoch 0018 Iter 1500 / 1755 | Time 0.1s | Iter Loss 0.1700 | Iter Mean Loss 0.1886
2024-11-24 10:52:30,723 - root - INFO - CF Training: Epoch 0018 Total Iter 1755 | Total Time 89.3s | Iter Mean Loss 0.1881
2024-11-24 10:52:56,163 - root - INFO - CF Training: Epoch 0019 Iter 0500 / 1755 | Time 0.1s | Iter Loss 0.1884 | Iter Mean Loss 0.1856
2024-11-24 10:53:21,370 - root - INFO - CF Training: Epoch 0019 Iter 1000 / 1755 | Time 0.0s | Iter Loss 0.1995 | Iter Mean Loss 0.1845
2024-11-24 10:53:46,818 - root - INFO - CF Training: Epoch 0019 Iter 1500 / 1755 | Time 0.0s | Iter Loss 0.1820 | Iter Mean Loss 0.1831
2024-11-24 10:53:59,621 - root - INFO - CF Training: Epoch 0019 Total Iter 1755 | Total Time 88.9s | Iter Mean Loss 0.1827
2024-11-24 10:54:25,269 - root - INFO - CF Training: Epoch 0020 Iter 0500 / 1755 | Time 0.1s | Iter Loss 0.2013 | Iter Mean Loss 0.1774
2024-11-24 10:54:50,734 - root - INFO - CF Training: Epoch 0020 Iter 1000 / 1755 | Time 0.1s | Iter Loss 0.1605 | Iter Mean Loss 0.1765
2024-11-24 10:55:16,801 - root - INFO - CF Training: Epoch 0020 Iter 1500 / 1755 | Time 0.1s | Iter Loss 0.1685 | Iter Mean Loss 0.1758
2024-11-24 10:55:29,766 - root - INFO - CF Training: Epoch 0020 Total Iter 1755 | Total Time 90.1s | Iter Mean Loss 0.1752
2024-11-24 11:06:37,042 - root - INFO - CF Evaluation: Epoch 0020 | Total Time 667.3s | Precision [0.2601, 0.0699], Recall [0.2601, 0.6987], NDCG [0.2601, 0.4627]
2024-11-24 11:06:37,089 - root - INFO - Save model on epoch 0020!
2024-11-24 11:07:02,723 - root - INFO - CF Training: Epoch 0021 Iter 0500 / 1755 | Time 0.1s | Iter Loss 0.1740 | Iter Mean Loss 0.1725
2024-11-24 11:07:28,042 - root - INFO - CF Training: Epoch 0021 Iter 1000 / 1755 | Time 0.0s | Iter Loss 0.1614 | Iter Mean Loss 0.1713
2024-11-24 11:07:53,541 - root - INFO - CF Training: Epoch 0021 Iter 1500 / 1755 | Time 0.0s | Iter Loss 0.1851 | Iter Mean Loss 0.1705
2024-11-24 11:08:06,387 - root - INFO - CF Training: Epoch 0021 Total Iter 1755 | Total Time 89.3s | Iter Mean Loss 0.1700
2024-11-24 11:08:31,786 - root - INFO - CF Training: Epoch 0022 Iter 0500 / 1755 | Time 0.0s | Iter Loss 0.1751 | Iter Mean Loss 0.1655
2024-11-24 11:08:57,281 - root - INFO - CF Training: Epoch 0022 Iter 1000 / 1755 | Time 0.0s | Iter Loss 0.1575 | Iter Mean Loss 0.1652
2024-11-24 11:09:22,385 - root - INFO - CF Training: Epoch 0022 Iter 1500 / 1755 | Time 0.0s | Iter Loss 0.1677 | Iter Mean Loss 0.1642
2024-11-24 11:09:35,595 - root - INFO - CF Training: Epoch 0022 Total Iter 1755 | Total Time 89.2s | Iter Mean Loss 0.1637
2024-11-24 11:10:01,112 - root - INFO - CF Training: Epoch 0023 Iter 0500 / 1755 | Time 0.1s | Iter Loss 0.1989 | Iter Mean Loss 0.1591
2024-11-24 11:10:26,779 - root - INFO - CF Training: Epoch 0023 Iter 1000 / 1755 | Time 0.1s | Iter Loss 0.1660 | Iter Mean Loss 0.1589
2024-11-24 11:10:52,024 - root - INFO - CF Training: Epoch 0023 Iter 1500 / 1755 | Time 0.0s | Iter Loss 0.1554 | Iter Mean Loss 0.1581
2024-11-24 11:11:05,174 - root - INFO - CF Training: Epoch 0023 Total Iter 1755 | Total Time 89.6s | Iter Mean Loss 0.1577
2024-11-24 11:11:30,504 - root - INFO - CF Training: Epoch 0024 Iter 0500 / 1755 | Time 0.1s | Iter Loss 0.1656 | Iter Mean Loss 0.1535
2024-11-24 11:11:55,983 - root - INFO - CF Training: Epoch 0024 Iter 1000 / 1755 | Time 0.0s | Iter Loss 0.1452 | Iter Mean Loss 0.1534
2024-11-24 11:12:21,619 - root - INFO - CF Training: Epoch 0024 Iter 1500 / 1755 | Time 0.1s | Iter Loss 0.1671 | Iter Mean Loss 0.1529
2024-11-24 11:12:34,574 - root - INFO - CF Training: Epoch 0024 Total Iter 1755 | Total Time 89.4s | Iter Mean Loss 0.1523
2024-11-24 11:12:59,764 - root - INFO - CF Training: Epoch 0025 Iter 0500 / 1755 | Time 0.1s | Iter Loss 0.1474 | Iter Mean Loss 0.1483
2024-11-24 11:13:25,424 - root - INFO - CF Training: Epoch 0025 Iter 1000 / 1755 | Time 0.1s | Iter Loss 0.1521 | Iter Mean Loss 0.1480
2024-11-24 11:13:50,902 - root - INFO - CF Training: Epoch 0025 Iter 1500 / 1755 | Time 0.1s | Iter Loss 0.1398 | Iter Mean Loss 0.1474
2024-11-24 11:14:03,900 - root - INFO - CF Training: Epoch 0025 Total Iter 1755 | Total Time 89.3s | Iter Mean Loss 0.1470
2024-11-24 11:25:11,644 - root - INFO - CF Evaluation: Epoch 0025 | Total Time 667.7s | Precision [0.2734, 0.0719], Recall [0.2734, 0.7191], NDCG [0.2734, 0.4791]
2024-11-24 11:25:11,691 - root - INFO - Save model on epoch 0025!
2024-11-24 11:25:37,027 - root - INFO - CF Training: Epoch 0026 Iter 0500 / 1755 | Time 0.1s | Iter Loss 0.1604 | Iter Mean Loss 0.1434
2024-11-24 11:26:02,255 - root - INFO - CF Training: Epoch 0026 Iter 1000 / 1755 | Time 0.0s | Iter Loss 0.1474 | Iter Mean Loss 0.1428
2024-11-24 11:26:27,386 - root - INFO - CF Training: Epoch 0026 Iter 1500 / 1755 | Time 0.0s | Iter Loss 0.1262 | Iter Mean Loss 0.1418
2024-11-24 11:26:40,238 - root - INFO - CF Training: Epoch 0026 Total Iter 1755 | Total Time 88.5s | Iter Mean Loss 0.1415
2024-11-24 11:27:05,680 - root - INFO - CF Training: Epoch 0027 Iter 0500 / 1755 | Time 0.0s | Iter Loss 0.1295 | Iter Mean Loss 0.1386
2024-11-24 11:27:30,845 - root - INFO - CF Training: Epoch 0027 Iter 1000 / 1755 | Time 0.1s | Iter Loss 0.1504 | Iter Mean Loss 0.1378
2024-11-24 11:27:56,395 - root - INFO - CF Training: Epoch 0027 Iter 1500 / 1755 | Time 0.0s | Iter Loss 0.1258 | Iter Mean Loss 0.1370
2024-11-24 11:28:09,158 - root - INFO - CF Training: Epoch 0027 Total Iter 1755 | Total Time 88.9s | Iter Mean Loss 0.1366
2024-11-24 11:28:34,548 - root - INFO - CF Training: Epoch 0028 Iter 0500 / 1755 | Time 0.0s | Iter Loss 0.1436 | Iter Mean Loss 0.1334
2024-11-24 11:28:59,760 - root - INFO - CF Training: Epoch 0028 Iter 1000 / 1755 | Time 0.0s | Iter Loss 0.1208 | Iter Mean Loss 0.1334
2024-11-24 11:29:25,143 - root - INFO - CF Training: Epoch 0028 Iter 1500 / 1755 | Time 0.0s | Iter Loss 0.1238 | Iter Mean Loss 0.1326
2024-11-24 11:29:37,947 - root - INFO - CF Training: Epoch 0028 Total Iter 1755 | Total Time 88.8s | Iter Mean Loss 0.1323
2024-11-24 11:30:03,371 - root - INFO - CF Training: Epoch 0029 Iter 0500 / 1755 | Time 0.0s | Iter Loss 0.1179 | Iter Mean Loss 0.1298
2024-11-24 11:30:28,971 - root - INFO - CF Training: Epoch 0029 Iter 1000 / 1755 | Time 0.0s | Iter Loss 0.1298 | Iter Mean Loss 0.1289
2024-11-24 11:30:54,034 - root - INFO - CF Training: Epoch 0029 Iter 1500 / 1755 | Time 0.0s | Iter Loss 0.1437 | Iter Mean Loss 0.1283
2024-11-24 11:31:06,715 - root - INFO - CF Training: Epoch 0029 Total Iter 1755 | Total Time 88.8s | Iter Mean Loss 0.1279
2024-11-24 11:31:32,243 - root - INFO - CF Training: Epoch 0030 Iter 0500 / 1755 | Time 0.0s | Iter Loss 0.1324 | Iter Mean Loss 0.1257
2024-11-24 11:31:57,625 - root - INFO - CF Training: Epoch 0030 Iter 1000 / 1755 | Time 0.1s | Iter Loss 0.1305 | Iter Mean Loss 0.1251
2024-11-24 11:32:23,087 - root - INFO - CF Training: Epoch 0030 Iter 1500 / 1755 | Time 0.0s | Iter Loss 0.1401 | Iter Mean Loss 0.1244
2024-11-24 11:32:36,166 - root - INFO - CF Training: Epoch 0030 Total Iter 1755 | Total Time 89.5s | Iter Mean Loss 0.1242
2024-11-24 11:43:39,373 - root - INFO - CF Evaluation: Epoch 0030 | Total Time 663.2s | Precision [0.2805, 0.0735], Recall [0.2805, 0.7351], NDCG [0.2805, 0.4909]
2024-11-24 11:43:39,424 - root - INFO - Save model on epoch 0030!
2024-11-24 11:44:04,791 - root - INFO - CF Training: Epoch 0031 Iter 0500 / 1755 | Time 0.1s | Iter Loss 0.1268 | Iter Mean Loss 0.1210
2024-11-24 11:44:30,195 - root - INFO - CF Training: Epoch 0031 Iter 1000 / 1755 | Time 0.1s | Iter Loss 0.1269 | Iter Mean Loss 0.1204
2024-11-24 11:44:55,753 - root - INFO - CF Training: Epoch 0031 Iter 1500 / 1755 | Time 0.1s | Iter Loss 0.1217 | Iter Mean Loss 0.1198
2024-11-24 11:45:09,007 - root - INFO - CF Training: Epoch 0031 Total Iter 1755 | Total Time 89.6s | Iter Mean Loss 0.1196
2024-11-24 11:45:34,652 - root - INFO - CF Training: Epoch 0032 Iter 0500 / 1755 | Time 0.1s | Iter Loss 0.1009 | Iter Mean Loss 0.1177
2024-11-24 11:45:59,913 - root - INFO - CF Training: Epoch 0032 Iter 1000 / 1755 | Time 0.1s | Iter Loss 0.1172 | Iter Mean Loss 0.1168
2024-11-24 11:46:25,673 - root - INFO - CF Training: Epoch 0032 Iter 1500 / 1755 | Time 0.0s | Iter Loss 0.1146 | Iter Mean Loss 0.1162
2024-11-24 11:46:38,738 - root - INFO - CF Training: Epoch 0032 Total Iter 1755 | Total Time 89.7s | Iter Mean Loss 0.1158
2024-11-24 11:47:03,844 - root - INFO - CF Training: Epoch 0033 Iter 0500 / 1755 | Time 0.1s | Iter Loss 0.0965 | Iter Mean Loss 0.1141
2024-11-24 11:47:29,193 - root - INFO - CF Training: Epoch 0033 Iter 1000 / 1755 | Time 0.0s | Iter Loss 0.1104 | Iter Mean Loss 0.1135
2024-11-24 11:47:54,702 - root - INFO - CF Training: Epoch 0033 Iter 1500 / 1755 | Time 0.1s | Iter Loss 0.1161 | Iter Mean Loss 0.1132
2024-11-24 11:48:07,749 - root - INFO - CF Training: Epoch 0033 Total Iter 1755 | Total Time 89.0s | Iter Mean Loss 0.1129
2024-11-24 11:48:33,441 - root - INFO - CF Training: Epoch 0034 Iter 0500 / 1755 | Time 0.1s | Iter Loss 0.1263 | Iter Mean Loss 0.1100
2024-11-24 11:48:58,746 - root - INFO - CF Training: Epoch 0034 Iter 1000 / 1755 | Time 0.0s | Iter Loss 0.1123 | Iter Mean Loss 0.1102
2024-11-24 11:49:24,529 - root - INFO - CF Training: Epoch 0034 Iter 1500 / 1755 | Time 0.1s | Iter Loss 0.0991 | Iter Mean Loss 0.1096
2024-11-24 11:49:37,567 - root - INFO - CF Training: Epoch 0034 Total Iter 1755 | Total Time 89.8s | Iter Mean Loss 0.1092
2024-11-24 11:50:02,926 - root - INFO - CF Training: Epoch 0035 Iter 0500 / 1755 | Time 0.0s | Iter Loss 0.1036 | Iter Mean Loss 0.1068
2024-11-24 11:50:28,785 - root - INFO - CF Training: Epoch 0035 Iter 1000 / 1755 | Time 0.1s | Iter Loss 0.1045 | Iter Mean Loss 0.1067
2024-11-24 11:50:54,372 - root - INFO - CF Training: Epoch 0035 Iter 1500 / 1755 | Time 0.1s | Iter Loss 0.1241 | Iter Mean Loss 0.1062
2024-11-24 11:51:07,307 - root - INFO - CF Training: Epoch 0035 Total Iter 1755 | Total Time 89.7s | Iter Mean Loss 0.1061
2024-11-24 12:02:09,926 - root - INFO - CF Evaluation: Epoch 0035 | Total Time 662.6s | Precision [0.2895, 0.0739], Recall [0.2895, 0.7386], NDCG [0.2895, 0.4973]
2024-11-24 12:02:09,974 - root - INFO - Save model on epoch 0035!
2024-11-24 12:02:35,651 - root - INFO - CF Training: Epoch 0036 Iter 0500 / 1755 | Time 0.1s | Iter Loss 0.1028 | Iter Mean Loss 0.1046
2024-11-24 12:03:01,207 - root - INFO - CF Training: Epoch 0036 Iter 1000 / 1755 | Time 0.1s | Iter Loss 0.1013 | Iter Mean Loss 0.1038
2024-11-24 12:03:26,676 - root - INFO - CF Training: Epoch 0036 Iter 1500 / 1755 | Time 0.0s | Iter Loss 0.1194 | Iter Mean Loss 0.1037
2024-11-24 12:03:39,446 - root - INFO - CF Training: Epoch 0036 Total Iter 1755 | Total Time 89.5s | Iter Mean Loss 0.1034
2024-11-24 12:04:04,794 - root - INFO - CF Training: Epoch 0037 Iter 0500 / 1755 | Time 0.0s | Iter Loss 0.1018 | Iter Mean Loss 0.1014
2024-11-24 12:04:30,563 - root - INFO - CF Training: Epoch 0037 Iter 1000 / 1755 | Time 0.1s | Iter Loss 0.1111 | Iter Mean Loss 0.1007
2024-11-24 12:04:55,863 - root - INFO - CF Training: Epoch 0037 Iter 1500 / 1755 | Time 0.1s | Iter Loss 0.1186 | Iter Mean Loss 0.1003
2024-11-24 12:05:08,930 - root - INFO - CF Training: Epoch 0037 Total Iter 1755 | Total Time 89.5s | Iter Mean Loss 0.1002
2024-11-24 12:05:34,293 - root - INFO - CF Training: Epoch 0038 Iter 0500 / 1755 | Time 0.1s | Iter Loss 0.1035 | Iter Mean Loss 0.0980
2024-11-24 12:05:59,429 - root - INFO - CF Training: Epoch 0038 Iter 1000 / 1755 | Time 0.1s | Iter Loss 0.1076 | Iter Mean Loss 0.0985
2024-11-24 12:06:24,752 - root - INFO - CF Training: Epoch 0038 Iter 1500 / 1755 | Time 0.1s | Iter Loss 0.0969 | Iter Mean Loss 0.0981
2024-11-24 12:06:38,020 - root - INFO - CF Training: Epoch 0038 Total Iter 1755 | Total Time 89.1s | Iter Mean Loss 0.0977
2024-11-24 12:07:03,138 - root - INFO - CF Training: Epoch 0039 Iter 0500 / 1755 | Time 0.1s | Iter Loss 0.0919 | Iter Mean Loss 0.0959
2024-11-24 12:07:28,426 - root - INFO - CF Training: Epoch 0039 Iter 1000 / 1755 | Time 0.1s | Iter Loss 0.0928 | Iter Mean Loss 0.0960
2024-11-24 12:07:54,182 - root - INFO - CF Training: Epoch 0039 Iter 1500 / 1755 | Time 0.0s | Iter Loss 0.0971 | Iter Mean Loss 0.0956
2024-11-24 12:08:06,986 - root - INFO - CF Training: Epoch 0039 Total Iter 1755 | Total Time 89.0s | Iter Mean Loss 0.0954
2024-11-24 12:08:32,670 - root - INFO - CF Training: Epoch 0040 Iter 0500 / 1755 | Time 0.1s | Iter Loss 0.0867 | Iter Mean Loss 0.0929
2024-11-24 12:08:58,402 - root - INFO - CF Training: Epoch 0040 Iter 1000 / 1755 | Time 0.1s | Iter Loss 0.0940 | Iter Mean Loss 0.0929
2024-11-24 12:09:23,831 - root - INFO - CF Training: Epoch 0040 Iter 1500 / 1755 | Time 0.0s | Iter Loss 0.0938 | Iter Mean Loss 0.0926
2024-11-24 12:09:36,599 - root - INFO - CF Training: Epoch 0040 Total Iter 1755 | Total Time 89.6s | Iter Mean Loss 0.0924
2024-11-24 12:20:43,462 - root - INFO - CF Evaluation: Epoch 0040 | Total Time 666.9s | Precision [0.3007, 0.0747], Recall [0.3007, 0.7470], NDCG [0.3007, 0.5071]
2024-11-24 12:20:43,509 - root - INFO - Save model on epoch 0040!
2024-11-24 12:21:08,885 - root - INFO - CF Training: Epoch 0041 Iter 0500 / 1755 | Time 0.1s | Iter Loss 0.0912 | Iter Mean Loss 0.0914
2024-11-24 12:21:34,299 - root - INFO - CF Training: Epoch 0041 Iter 1000 / 1755 | Time 0.1s | Iter Loss 0.0871 | Iter Mean Loss 0.0908
2024-11-24 12:21:59,594 - root - INFO - CF Training: Epoch 0041 Iter 1500 / 1755 | Time 0.0s | Iter Loss 0.0988 | Iter Mean Loss 0.0904
2024-11-24 12:22:12,329 - root - INFO - CF Training: Epoch 0041 Total Iter 1755 | Total Time 88.8s | Iter Mean Loss 0.0901
2024-11-24 12:22:37,700 - root - INFO - CF Training: Epoch 0042 Iter 0500 / 1755 | Time 0.1s | Iter Loss 0.0912 | Iter Mean Loss 0.0890
2024-11-24 12:23:02,740 - root - INFO - CF Training: Epoch 0042 Iter 1000 / 1755 | Time 0.0s | Iter Loss 0.0974 | Iter Mean Loss 0.0885
2024-11-24 12:23:28,042 - root - INFO - CF Training: Epoch 0042 Iter 1500 / 1755 | Time 0.0s | Iter Loss 0.0895 | Iter Mean Loss 0.0884
2024-11-24 12:23:40,863 - root - INFO - CF Training: Epoch 0042 Total Iter 1755 | Total Time 88.5s | Iter Mean Loss 0.0883
2024-11-24 12:24:06,642 - root - INFO - CF Training: Epoch 0043 Iter 0500 / 1755 | Time 0.1s | Iter Loss 0.1022 | Iter Mean Loss 0.0874
2024-11-24 12:24:31,993 - root - INFO - CF Training: Epoch 0043 Iter 1000 / 1755 | Time 0.0s | Iter Loss 0.0861 | Iter Mean Loss 0.0869
2024-11-24 12:24:57,283 - root - INFO - CF Training: Epoch 0043 Iter 1500 / 1755 | Time 0.1s | Iter Loss 0.1003 | Iter Mean Loss 0.0867
2024-11-24 12:25:10,175 - root - INFO - CF Training: Epoch 0043 Total Iter 1755 | Total Time 89.3s | Iter Mean Loss 0.0864
2024-11-24 12:25:35,676 - root - INFO - CF Training: Epoch 0044 Iter 0500 / 1755 | Time 0.0s | Iter Loss 0.0781 | Iter Mean Loss 0.0855
2024-11-24 12:26:00,967 - root - INFO - CF Training: Epoch 0044 Iter 1000 / 1755 | Time 0.0s | Iter Loss 0.0826 | Iter Mean Loss 0.0848
2024-11-24 12:26:25,863 - root - INFO - CF Training: Epoch 0044 Iter 1500 / 1755 | Time 0.0s | Iter Loss 0.0780 | Iter Mean Loss 0.0845
2024-11-24 12:26:39,017 - root - INFO - CF Training: Epoch 0044 Total Iter 1755 | Total Time 88.8s | Iter Mean Loss 0.0842
2024-11-24 12:27:04,870 - root - INFO - CF Training: Epoch 0045 Iter 0500 / 1755 | Time 0.1s | Iter Loss 0.0820 | Iter Mean Loss 0.0834
2024-11-24 12:27:30,103 - root - INFO - CF Training: Epoch 0045 Iter 1000 / 1755 | Time 0.0s | Iter Loss 0.0804 | Iter Mean Loss 0.0834
2024-11-24 12:27:55,707 - root - INFO - CF Training: Epoch 0045 Iter 1500 / 1755 | Time 0.0s | Iter Loss 0.0774 | Iter Mean Loss 0.0830
2024-11-24 12:28:08,798 - root - INFO - CF Training: Epoch 0045 Total Iter 1755 | Total Time 89.8s | Iter Mean Loss 0.0828
2024-11-24 12:39:16,181 - root - INFO - CF Evaluation: Epoch 0045 | Total Time 667.4s | Precision [0.2989, 0.0751], Recall [0.2989, 0.7506], NDCG [0.2989, 0.5078]
2024-11-24 12:39:16,234 - root - INFO - Save model on epoch 0045!
2024-11-24 12:39:42,164 - root - INFO - CF Training: Epoch 0046 Iter 0500 / 1755 | Time 0.1s | Iter Loss 0.0781 | Iter Mean Loss 0.0814
2024-11-24 12:40:07,762 - root - INFO - CF Training: Epoch 0046 Iter 1000 / 1755 | Time 0.0s | Iter Loss 0.0556 | Iter Mean Loss 0.0814
2024-11-24 12:40:33,158 - root - INFO - CF Training: Epoch 0046 Iter 1500 / 1755 | Time 0.0s | Iter Loss 0.0910 | Iter Mean Loss 0.0811
2024-11-24 12:40:46,537 - root - INFO - CF Training: Epoch 0046 Total Iter 1755 | Total Time 90.3s | Iter Mean Loss 0.0810
2024-11-24 12:41:12,371 - root - INFO - CF Training: Epoch 0047 Iter 0500 / 1755 | Time 0.0s | Iter Loss 0.0891 | Iter Mean Loss 0.0800
2024-11-24 12:41:37,502 - root - INFO - CF Training: Epoch 0047 Iter 1000 / 1755 | Time 0.0s | Iter Loss 0.0974 | Iter Mean Loss 0.0801
2024-11-24 12:42:02,720 - root - INFO - CF Training: Epoch 0047 Iter 1500 / 1755 | Time 0.0s | Iter Loss 0.0844 | Iter Mean Loss 0.0798
2024-11-24 12:42:16,078 - root - INFO - CF Training: Epoch 0047 Total Iter 1755 | Total Time 89.5s | Iter Mean Loss 0.0795
2024-11-24 12:42:41,320 - root - INFO - CF Training: Epoch 0048 Iter 0500 / 1755 | Time 0.0s | Iter Loss 0.0673 | Iter Mean Loss 0.0790
2024-11-24 12:43:06,774 - root - INFO - CF Training: Epoch 0048 Iter 1000 / 1755 | Time 0.1s | Iter Loss 0.0763 | Iter Mean Loss 0.0786
2024-11-24 12:43:32,317 - root - INFO - CF Training: Epoch 0048 Iter 1500 / 1755 | Time 0.1s | Iter Loss 0.0783 | Iter Mean Loss 0.0782
2024-11-24 12:43:45,148 - root - INFO - CF Training: Epoch 0048 Total Iter 1755 | Total Time 89.1s | Iter Mean Loss 0.0780
2024-11-24 12:44:11,229 - root - INFO - CF Training: Epoch 0049 Iter 0500 / 1755 | Time 0.1s | Iter Loss 0.0637 | Iter Mean Loss 0.0764
2024-11-24 12:44:36,950 - root - INFO - CF Training: Epoch 0049 Iter 1000 / 1755 | Time 0.1s | Iter Loss 0.0842 | Iter Mean Loss 0.0762
2024-11-24 12:45:02,630 - root - INFO - CF Training: Epoch 0049 Iter 1500 / 1755 | Time 0.1s | Iter Loss 0.0727 | Iter Mean Loss 0.0761
2024-11-24 12:45:15,667 - root - INFO - CF Training: Epoch 0049 Total Iter 1755 | Total Time 90.5s | Iter Mean Loss 0.0762
2024-11-24 12:45:41,088 - root - INFO - CF Training: Epoch 0050 Iter 0500 / 1755 | Time 0.0s | Iter Loss 0.0555 | Iter Mean Loss 0.0758
2024-11-24 12:46:06,425 - root - INFO - CF Training: Epoch 0050 Iter 1000 / 1755 | Time 0.0s | Iter Loss 0.0695 | Iter Mean Loss 0.0757
2024-11-24 12:46:31,895 - root - INFO - CF Training: Epoch 0050 Iter 1500 / 1755 | Time 0.1s | Iter Loss 0.0669 | Iter Mean Loss 0.0752
2024-11-24 12:46:44,812 - root - INFO - CF Training: Epoch 0050 Total Iter 1755 | Total Time 89.1s | Iter Mean Loss 0.0751
2024-11-24 12:57:51,674 - root - INFO - CF Evaluation: Epoch 0050 | Total Time 666.9s | Precision [0.3036, 0.0750], Recall [0.3036, 0.7499], NDCG [0.3036, 0.5100]
2024-11-24 12:58:17,114 - root - INFO - CF Training: Epoch 0051 Iter 0500 / 1755 | Time 0.0s | Iter Loss 0.0799 | Iter Mean Loss 0.0741
2024-11-24 12:58:42,569 - root - INFO - CF Training: Epoch 0051 Iter 1000 / 1755 | Time 0.0s | Iter Loss 0.0821 | Iter Mean Loss 0.0738
2024-11-24 12:59:08,098 - root - INFO - CF Training: Epoch 0051 Iter 1500 / 1755 | Time 0.0s | Iter Loss 0.0730 | Iter Mean Loss 0.0735
2024-11-24 12:59:20,797 - root - INFO - CF Training: Epoch 0051 Total Iter 1755 | Total Time 89.1s | Iter Mean Loss 0.0734
2024-11-24 12:59:46,521 - root - INFO - CF Training: Epoch 0052 Iter 0500 / 1755 | Time 0.1s | Iter Loss 0.0666 | Iter Mean Loss 0.0723
2024-11-24 13:00:12,105 - root - INFO - CF Training: Epoch 0052 Iter 1000 / 1755 | Time 0.0s | Iter Loss 0.0745 | Iter Mean Loss 0.0724
2024-11-24 13:00:38,132 - root - INFO - CF Training: Epoch 0052 Iter 1500 / 1755 | Time 0.0s | Iter Loss 0.0663 | Iter Mean Loss 0.0723
2024-11-24 13:00:50,980 - root - INFO - CF Training: Epoch 0052 Total Iter 1755 | Total Time 90.2s | Iter Mean Loss 0.0723
2024-11-24 13:01:16,911 - root - INFO - CF Training: Epoch 0053 Iter 0500 / 1755 | Time 0.1s | Iter Loss 0.0645 | Iter Mean Loss 0.0715
2024-11-24 13:01:42,667 - root - INFO - CF Training: Epoch 0053 Iter 1000 / 1755 | Time 0.1s | Iter Loss 0.0715 | Iter Mean Loss 0.0714
2024-11-24 13:02:08,157 - root - INFO - CF Training: Epoch 0053 Iter 1500 / 1755 | Time 0.1s | Iter Loss 0.0745 | Iter Mean Loss 0.0712
2024-11-24 13:02:21,465 - root - INFO - CF Training: Epoch 0053 Total Iter 1755 | Total Time 90.5s | Iter Mean Loss 0.0710
2024-11-24 13:02:46,882 - root - INFO - CF Training: Epoch 0054 Iter 0500 / 1755 | Time 0.1s | Iter Loss 0.0684 | Iter Mean Loss 0.0701
2024-11-24 13:03:12,051 - root - INFO - CF Training: Epoch 0054 Iter 1000 / 1755 | Time 0.1s | Iter Loss 0.0703 | Iter Mean Loss 0.0699
2024-11-24 13:03:37,470 - root - INFO - CF Training: Epoch 0054 Iter 1500 / 1755 | Time 0.1s | Iter Loss 0.0603 | Iter Mean Loss 0.0697
2024-11-24 13:03:50,508 - root - INFO - CF Training: Epoch 0054 Total Iter 1755 | Total Time 89.0s | Iter Mean Loss 0.0696
2024-11-24 13:04:15,911 - root - INFO - CF Training: Epoch 0055 Iter 0500 / 1755 | Time 0.0s | Iter Loss 0.0785 | Iter Mean Loss 0.0692
2024-11-24 13:04:41,082 - root - INFO - CF Training: Epoch 0055 Iter 1000 / 1755 | Time 0.1s | Iter Loss 0.0621 | Iter Mean Loss 0.0694
2024-11-24 13:05:06,654 - root - INFO - CF Training: Epoch 0055 Iter 1500 / 1755 | Time 0.1s | Iter Loss 0.0809 | Iter Mean Loss 0.0692
2024-11-24 13:05:19,937 - root - INFO - CF Training: Epoch 0055 Total Iter 1755 | Total Time 89.4s | Iter Mean Loss 0.0691
2024-11-24 13:16:22,285 - root - INFO - CF Evaluation: Epoch 0055 | Total Time 662.3s | Precision [0.3042, 0.0753], Recall [0.3042, 0.7526], NDCG [0.3042, 0.5116]
2024-11-24 13:16:22,334 - root - INFO - Save model on epoch 0055!
2024-11-24 13:16:47,813 - root - INFO - CF Training: Epoch 0056 Iter 0500 / 1755 | Time 0.1s | Iter Loss 0.0477 | Iter Mean Loss 0.0676
2024-11-24 13:17:13,314 - root - INFO - CF Training: Epoch 0056 Iter 1000 / 1755 | Time 0.0s | Iter Loss 0.0677 | Iter Mean Loss 0.0676
2024-11-24 13:17:39,171 - root - INFO - CF Training: Epoch 0056 Iter 1500 / 1755 | Time 0.1s | Iter Loss 0.0628 | Iter Mean Loss 0.0675
2024-11-24 13:17:52,285 - root - INFO - CF Training: Epoch 0056 Total Iter 1755 | Total Time 90.0s | Iter Mean Loss 0.0675
2024-11-24 13:18:17,389 - root - INFO - CF Training: Epoch 0057 Iter 0500 / 1755 | Time 0.0s | Iter Loss 0.0719 | Iter Mean Loss 0.0669
2024-11-24 13:18:43,283 - root - INFO - CF Training: Epoch 0057 Iter 1000 / 1755 | Time 0.0s | Iter Loss 0.0547 | Iter Mean Loss 0.0667
2024-11-24 13:19:08,802 - root - INFO - CF Training: Epoch 0057 Iter 1500 / 1755 | Time 0.0s | Iter Loss 0.0738 | Iter Mean Loss 0.0668
2024-11-24 13:19:21,799 - root - INFO - CF Training: Epoch 0057 Total Iter 1755 | Total Time 89.5s | Iter Mean Loss 0.0667
2024-11-24 13:19:47,284 - root - INFO - CF Training: Epoch 0058 Iter 0500 / 1755 | Time 0.1s | Iter Loss 0.0575 | Iter Mean Loss 0.0664
2024-11-24 13:20:12,910 - root - INFO - CF Training: Epoch 0058 Iter 1000 / 1755 | Time 0.1s | Iter Loss 0.0691 | Iter Mean Loss 0.0664
2024-11-24 13:20:38,697 - root - INFO - CF Training: Epoch 0058 Iter 1500 / 1755 | Time 0.0s | Iter Loss 0.0694 | Iter Mean Loss 0.0663
2024-11-24 13:20:51,609 - root - INFO - CF Training: Epoch 0058 Total Iter 1755 | Total Time 89.8s | Iter Mean Loss 0.0662
2024-11-24 13:21:17,333 - root - INFO - CF Training: Epoch 0059 Iter 0500 / 1755 | Time 0.1s | Iter Loss 0.0553 | Iter Mean Loss 0.0651
2024-11-24 13:21:42,781 - root - INFO - CF Training: Epoch 0059 Iter 1000 / 1755 | Time 0.1s | Iter Loss 0.0563 | Iter Mean Loss 0.0651
2024-11-24 13:22:08,262 - root - INFO - CF Training: Epoch 0059 Iter 1500 / 1755 | Time 0.1s | Iter Loss 0.0655 | Iter Mean Loss 0.0651
2024-11-24 13:22:20,969 - root - INFO - CF Training: Epoch 0059 Total Iter 1755 | Total Time 89.4s | Iter Mean Loss 0.0651
2024-11-24 13:22:46,517 - root - INFO - CF Training: Epoch 0060 Iter 0500 / 1755 | Time 0.0s | Iter Loss 0.0691 | Iter Mean Loss 0.0656
2024-11-24 13:23:12,052 - root - INFO - CF Training: Epoch 0060 Iter 1000 / 1755 | Time 0.0s | Iter Loss 0.0646 | Iter Mean Loss 0.0652
2024-11-24 13:23:37,140 - root - INFO - CF Training: Epoch 0060 Iter 1500 / 1755 | Time 0.1s | Iter Loss 0.0620 | Iter Mean Loss 0.0647
2024-11-24 13:23:50,261 - root - INFO - CF Training: Epoch 0060 Total Iter 1755 | Total Time 89.3s | Iter Mean Loss 0.0646
2024-11-24 13:34:57,279 - root - INFO - CF Evaluation: Epoch 0060 | Total Time 667.0s | Precision [0.2963, 0.0751], Recall [0.2963, 0.7509], NDCG [0.2963, 0.5062]
2024-11-24 13:35:22,711 - root - INFO - CF Training: Epoch 0061 Iter 0500 / 1755 | Time 0.0s | Iter Loss 0.0589 | Iter Mean Loss 0.0632
2024-11-24 13:35:48,167 - root - INFO - CF Training: Epoch 0061 Iter 1000 / 1755 | Time 0.1s | Iter Loss 0.0723 | Iter Mean Loss 0.0633
2024-11-24 13:36:13,484 - root - INFO - CF Training: Epoch 0061 Iter 1500 / 1755 | Time 0.1s | Iter Loss 0.0535 | Iter Mean Loss 0.0633
2024-11-24 13:36:26,453 - root - INFO - CF Training: Epoch 0061 Total Iter 1755 | Total Time 89.2s | Iter Mean Loss 0.0633
2024-11-24 13:36:51,866 - root - INFO - CF Training: Epoch 0062 Iter 0500 / 1755 | Time 0.1s | Iter Loss 0.0576 | Iter Mean Loss 0.0623
2024-11-24 13:37:17,284 - root - INFO - CF Training: Epoch 0062 Iter 1000 / 1755 | Time 0.1s | Iter Loss 0.0665 | Iter Mean Loss 0.0627
2024-11-24 13:37:42,536 - root - INFO - CF Training: Epoch 0062 Iter 1500 / 1755 | Time 0.1s | Iter Loss 0.0550 | Iter Mean Loss 0.0627
2024-11-24 13:37:55,528 - root - INFO - CF Training: Epoch 0062 Total Iter 1755 | Total Time 89.1s | Iter Mean Loss 0.0625
2024-11-24 13:38:20,860 - root - INFO - CF Training: Epoch 0063 Iter 0500 / 1755 | Time 0.1s | Iter Loss 0.0538 | Iter Mean Loss 0.0621
2024-11-24 13:38:46,354 - root - INFO - CF Training: Epoch 0063 Iter 1000 / 1755 | Time 0.1s | Iter Loss 0.0716 | Iter Mean Loss 0.0619
2024-11-24 13:39:11,781 - root - INFO - CF Training: Epoch 0063 Iter 1500 / 1755 | Time 0.0s | Iter Loss 0.0707 | Iter Mean Loss 0.0618
2024-11-24 13:39:24,882 - root - INFO - CF Training: Epoch 0063 Total Iter 1755 | Total Time 89.4s | Iter Mean Loss 0.0617
2024-11-24 13:39:49,691 - root - INFO - CF Training: Epoch 0064 Iter 0500 / 1755 | Time 0.0s | Iter Loss 0.0605 | Iter Mean Loss 0.0617
2024-11-24 13:40:15,320 - root - INFO - CF Training: Epoch 0064 Iter 1000 / 1755 | Time 0.0s | Iter Loss 0.0550 | Iter Mean Loss 0.0617
2024-11-24 13:40:41,238 - root - INFO - CF Training: Epoch 0064 Iter 1500 / 1755 | Time 0.1s | Iter Loss 0.0549 | Iter Mean Loss 0.0613
2024-11-24 13:40:54,085 - root - INFO - CF Training: Epoch 0064 Total Iter 1755 | Total Time 89.2s | Iter Mean Loss 0.0613
2024-11-24 13:41:19,552 - root - INFO - CF Training: Epoch 0065 Iter 0500 / 1755 | Time 0.1s | Iter Loss 0.0631 | Iter Mean Loss 0.0605
2024-11-24 13:41:45,016 - root - INFO - CF Training: Epoch 0065 Iter 1000 / 1755 | Time 0.0s | Iter Loss 0.0448 | Iter Mean Loss 0.0604
2024-11-24 13:42:10,572 - root - INFO - CF Training: Epoch 0065 Iter 1500 / 1755 | Time 0.1s | Iter Loss 0.0531 | Iter Mean Loss 0.0603
2024-11-24 13:42:23,375 - root - INFO - CF Training: Epoch 0065 Total Iter 1755 | Total Time 89.3s | Iter Mean Loss 0.0602
2024-11-24 13:53:31,212 - root - INFO - CF Evaluation: Epoch 0065 | Total Time 667.8s | Precision [0.3002, 0.0753], Recall [0.3002, 0.7533], NDCG [0.3002, 0.5093]
2024-11-24 13:53:31,260 - root - INFO - Save model on epoch 0065!
2024-11-24 13:53:56,691 - root - INFO - CF Training: Epoch 0066 Iter 0500 / 1755 | Time 0.1s | Iter Loss 0.0770 | Iter Mean Loss 0.0597
2024-11-24 13:54:22,447 - root - INFO - CF Training: Epoch 0066 Iter 1000 / 1755 | Time 0.1s | Iter Loss 0.0680 | Iter Mean Loss 0.0595
2024-11-24 13:54:47,784 - root - INFO - CF Training: Epoch 0066 Iter 1500 / 1755 | Time 0.1s | Iter Loss 0.0740 | Iter Mean Loss 0.0594
2024-11-24 13:55:00,805 - root - INFO - CF Training: Epoch 0066 Total Iter 1755 | Total Time 89.5s | Iter Mean Loss 0.0596
2024-11-24 13:55:26,609 - root - INFO - CF Training: Epoch 0067 Iter 0500 / 1755 | Time 0.0s | Iter Loss 0.0583 | Iter Mean Loss 0.0595
2024-11-24 13:55:52,017 - root - INFO - CF Training: Epoch 0067 Iter 1000 / 1755 | Time 0.1s | Iter Loss 0.0695 | Iter Mean Loss 0.0590
2024-11-24 13:56:17,347 - root - INFO - CF Training: Epoch 0067 Iter 1500 / 1755 | Time 0.1s | Iter Loss 0.0562 | Iter Mean Loss 0.0590
2024-11-24 13:56:30,259 - root - INFO - CF Training: Epoch 0067 Total Iter 1755 | Total Time 89.5s | Iter Mean Loss 0.0592
2024-11-24 13:56:56,196 - root - INFO - CF Training: Epoch 0068 Iter 0500 / 1755 | Time 0.1s | Iter Loss 0.0555 | Iter Mean Loss 0.0580
2024-11-24 13:57:21,694 - root - INFO - CF Training: Epoch 0068 Iter 1000 / 1755 | Time 0.0s | Iter Loss 0.0520 | Iter Mean Loss 0.0582
2024-11-24 13:57:47,129 - root - INFO - CF Training: Epoch 0068 Iter 1500 / 1755 | Time 0.0s | Iter Loss 0.0511 | Iter Mean Loss 0.0581
2024-11-24 13:58:00,120 - root - INFO - CF Training: Epoch 0068 Total Iter 1755 | Total Time 89.9s | Iter Mean Loss 0.0581
2024-11-24 13:58:25,892 - root - INFO - CF Training: Epoch 0069 Iter 0500 / 1755 | Time 0.0s | Iter Loss 0.0537 | Iter Mean Loss 0.0579
2024-11-24 13:58:51,354 - root - INFO - CF Training: Epoch 0069 Iter 1000 / 1755 | Time 0.1s | Iter Loss 0.0551 | Iter Mean Loss 0.0580
2024-11-24 13:59:16,493 - root - INFO - CF Training: Epoch 0069 Iter 1500 / 1755 | Time 0.1s | Iter Loss 0.0474 | Iter Mean Loss 0.0578
2024-11-24 13:59:29,734 - root - INFO - CF Training: Epoch 0069 Total Iter 1755 | Total Time 89.6s | Iter Mean Loss 0.0578
2024-11-24 13:59:55,427 - root - INFO - CF Training: Epoch 0070 Iter 0500 / 1755 | Time 0.0s | Iter Loss 0.0501 | Iter Mean Loss 0.0573
2024-11-24 14:00:20,890 - root - INFO - CF Training: Epoch 0070 Iter 1000 / 1755 | Time 0.1s | Iter Loss 0.0657 | Iter Mean Loss 0.0574
2024-11-24 14:00:46,297 - root - INFO - CF Training: Epoch 0070 Iter 1500 / 1755 | Time 0.0s | Iter Loss 0.0717 | Iter Mean Loss 0.0574
2024-11-24 14:00:59,498 - root - INFO - CF Training: Epoch 0070 Total Iter 1755 | Total Time 89.8s | Iter Mean Loss 0.0574
2024-11-24 14:12:00,798 - root - INFO - CF Evaluation: Epoch 0070 | Total Time 661.3s | Precision [0.2902, 0.0749], Recall [0.2902, 0.7490], NDCG [0.2902, 0.5028]
2024-11-24 14:12:26,474 - root - INFO - CF Training: Epoch 0071 Iter 0500 / 1755 | Time 0.1s | Iter Loss 0.0572 | Iter Mean Loss 0.0566
2024-11-24 14:12:52,178 - root - INFO - CF Training: Epoch 0071 Iter 1000 / 1755 | Time 0.0s | Iter Loss 0.0619 | Iter Mean Loss 0.0567
2024-11-24 14:13:17,790 - root - INFO - CF Training: Epoch 0071 Iter 1500 / 1755 | Time 0.0s | Iter Loss 0.0520 | Iter Mean Loss 0.0566
2024-11-24 14:13:31,035 - root - INFO - CF Training: Epoch 0071 Total Iter 1755 | Total Time 90.2s | Iter Mean Loss 0.0566
2024-11-24 14:13:56,366 - root - INFO - CF Training: Epoch 0072 Iter 0500 / 1755 | Time 0.0s | Iter Loss 0.0542 | Iter Mean Loss 0.0564
2024-11-24 14:14:22,029 - root - INFO - CF Training: Epoch 0072 Iter 1000 / 1755 | Time 0.1s | Iter Loss 0.0487 | Iter Mean Loss 0.0559
2024-11-24 14:14:47,560 - root - INFO - CF Training: Epoch 0072 Iter 1500 / 1755 | Time 0.0s | Iter Loss 0.0565 | Iter Mean Loss 0.0559
2024-11-24 14:15:00,432 - root - INFO - CF Training: Epoch 0072 Total Iter 1755 | Total Time 89.4s | Iter Mean Loss 0.0558
2024-11-24 14:15:26,004 - root - INFO - CF Training: Epoch 0073 Iter 0500 / 1755 | Time 0.0s | Iter Loss 0.0523 | Iter Mean Loss 0.0561
2024-11-24 14:15:51,408 - root - INFO - CF Training: Epoch 0073 Iter 1000 / 1755 | Time 0.0s | Iter Loss 0.0541 | Iter Mean Loss 0.0557
2024-11-24 14:16:17,091 - root - INFO - CF Training: Epoch 0073 Iter 1500 / 1755 | Time 0.1s | Iter Loss 0.0641 | Iter Mean Loss 0.0558
2024-11-24 14:16:30,048 - root - INFO - CF Training: Epoch 0073 Total Iter 1755 | Total Time 89.6s | Iter Mean Loss 0.0557
2024-11-24 14:16:55,710 - root - INFO - CF Training: Epoch 0074 Iter 0500 / 1755 | Time 0.0s | Iter Loss 0.0593 | Iter Mean Loss 0.0553
2024-11-24 14:17:21,008 - root - INFO - CF Training: Epoch 0074 Iter 1000 / 1755 | Time 0.0s | Iter Loss 0.0500 | Iter Mean Loss 0.0552
2024-11-24 14:17:46,506 - root - INFO - CF Training: Epoch 0074 Iter 1500 / 1755 | Time 0.0s | Iter Loss 0.0585 | Iter Mean Loss 0.0549
2024-11-24 14:17:59,319 - root - INFO - CF Training: Epoch 0074 Total Iter 1755 | Total Time 89.3s | Iter Mean Loss 0.0549
2024-11-24 14:18:24,816 - root - INFO - CF Training: Epoch 0075 Iter 0500 / 1755 | Time 0.0s | Iter Loss 0.0604 | Iter Mean Loss 0.0546
2024-11-24 14:18:50,475 - root - INFO - CF Training: Epoch 0075 Iter 1000 / 1755 | Time 0.0s | Iter Loss 0.0520 | Iter Mean Loss 0.0545
2024-11-24 14:19:16,104 - root - INFO - CF Training: Epoch 0075 Iter 1500 / 1755 | Time 0.0s | Iter Loss 0.0509 | Iter Mean Loss 0.0544
2024-11-24 14:19:28,872 - root - INFO - CF Training: Epoch 0075 Total Iter 1755 | Total Time 89.6s | Iter Mean Loss 0.0543
2024-11-24 14:30:32,592 - root - INFO - CF Evaluation: Epoch 0075 | Total Time 663.7s | Precision [0.3005, 0.0751], Recall [0.3005, 0.7512], NDCG [0.3005, 0.5086]
2024-11-24 14:30:57,977 - root - INFO - CF Training: Epoch 0076 Iter 0500 / 1755 | Time 0.1s | Iter Loss 0.0598 | Iter Mean Loss 0.0542
2024-11-24 14:31:23,675 - root - INFO - CF Training: Epoch 0076 Iter 1000 / 1755 | Time 0.1s | Iter Loss 0.0541 | Iter Mean Loss 0.0538
2024-11-24 14:31:49,298 - root - INFO - CF Training: Epoch 0076 Iter 1500 / 1755 | Time 0.1s | Iter Loss 0.0512 | Iter Mean Loss 0.0537
2024-11-24 14:32:01,963 - root - INFO - CF Training: Epoch 0076 Total Iter 1755 | Total Time 89.4s | Iter Mean Loss 0.0537
2024-11-24 14:32:27,837 - root - INFO - CF Training: Epoch 0077 Iter 0500 / 1755 | Time 0.0s | Iter Loss 0.0453 | Iter Mean Loss 0.0541
2024-11-24 14:32:53,399 - root - INFO - CF Training: Epoch 0077 Iter 1000 / 1755 | Time 0.0s | Iter Loss 0.0642 | Iter Mean Loss 0.0539
2024-11-24 14:33:18,371 - root - INFO - CF Training: Epoch 0077 Iter 1500 / 1755 | Time 0.1s | Iter Loss 0.0490 | Iter Mean Loss 0.0537
2024-11-24 14:33:31,484 - root - INFO - CF Training: Epoch 0077 Total Iter 1755 | Total Time 89.5s | Iter Mean Loss 0.0537
2024-11-24 14:33:56,903 - root - INFO - CF Training: Epoch 0078 Iter 0500 / 1755 | Time 0.0s | Iter Loss 0.0381 | Iter Mean Loss 0.0531
2024-11-24 14:34:21,902 - root - INFO - CF Training: Epoch 0078 Iter 1000 / 1755 | Time 0.1s | Iter Loss 0.0398 | Iter Mean Loss 0.0528
2024-11-24 14:34:47,157 - root - INFO - CF Training: Epoch 0078 Iter 1500 / 1755 | Time 0.1s | Iter Loss 0.0508 | Iter Mean Loss 0.0529
2024-11-24 14:35:00,428 - root - INFO - CF Training: Epoch 0078 Total Iter 1755 | Total Time 88.9s | Iter Mean Loss 0.0528
2024-11-24 14:35:25,654 - root - INFO - CF Training: Epoch 0079 Iter 0500 / 1755 | Time 0.1s | Iter Loss 0.0475 | Iter Mean Loss 0.0529
2024-11-24 14:35:51,115 - root - INFO - CF Training: Epoch 0079 Iter 1000 / 1755 | Time 0.1s | Iter Loss 0.0588 | Iter Mean Loss 0.0529
2024-11-24 14:36:16,667 - root - INFO - CF Training: Epoch 0079 Iter 1500 / 1755 | Time 0.0s | Iter Loss 0.0526 | Iter Mean Loss 0.0526
2024-11-24 14:36:29,480 - root - INFO - CF Training: Epoch 0079 Total Iter 1755 | Total Time 89.1s | Iter Mean Loss 0.0526
2024-11-24 14:36:54,594 - root - INFO - CF Training: Epoch 0080 Iter 0500 / 1755 | Time 0.0s | Iter Loss 0.0458 | Iter Mean Loss 0.0525
2024-11-24 14:37:20,101 - root - INFO - CF Training: Epoch 0080 Iter 1000 / 1755 | Time 0.0s | Iter Loss 0.0425 | Iter Mean Loss 0.0521
2024-11-24 14:37:45,293 - root - INFO - CF Training: Epoch 0080 Iter 1500 / 1755 | Time 0.0s | Iter Loss 0.0465 | Iter Mean Loss 0.0520
2024-11-24 14:37:57,973 - root - INFO - CF Training: Epoch 0080 Total Iter 1755 | Total Time 88.5s | Iter Mean Loss 0.0519
2024-11-24 14:49:04,402 - root - INFO - CF Evaluation: Epoch 0080 | Total Time 666.4s | Precision [0.3000, 0.0748], Recall [0.3000, 0.7477], NDCG [0.3000, 0.5062]
2024-11-24 14:49:30,068 - root - INFO - CF Training: Epoch 0081 Iter 0500 / 1755 | Time 0.1s | Iter Loss 0.0481 | Iter Mean Loss 0.0521
2024-11-24 14:49:55,909 - root - INFO - CF Training: Epoch 0081 Iter 1000 / 1755 | Time 0.1s | Iter Loss 0.0543 | Iter Mean Loss 0.0519
2024-11-24 14:50:21,456 - root - INFO - CF Training: Epoch 0081 Iter 1500 / 1755 | Time 0.1s | Iter Loss 0.0477 | Iter Mean Loss 0.0519
2024-11-24 14:50:34,248 - root - INFO - CF Training: Epoch 0081 Total Iter 1755 | Total Time 89.8s | Iter Mean Loss 0.0519
2024-11-24 14:50:59,762 - root - INFO - CF Training: Epoch 0082 Iter 0500 / 1755 | Time 0.0s | Iter Loss 0.0482 | Iter Mean Loss 0.0516
2024-11-24 14:51:25,275 - root - INFO - CF Training: Epoch 0082 Iter 1000 / 1755 | Time 0.0s | Iter Loss 0.0567 | Iter Mean Loss 0.0516
2024-11-24 14:51:50,970 - root - INFO - CF Training: Epoch 0082 Iter 1500 / 1755 | Time 0.1s | Iter Loss 0.0463 | Iter Mean Loss 0.0514
2024-11-24 14:52:03,934 - root - INFO - CF Training: Epoch 0082 Total Iter 1755 | Total Time 89.7s | Iter Mean Loss 0.0515
2024-11-24 14:52:29,410 - root - INFO - CF Training: Epoch 0083 Iter 0500 / 1755 | Time 0.1s | Iter Loss 0.0534 | Iter Mean Loss 0.0516
2024-11-24 14:52:54,918 - root - INFO - CF Training: Epoch 0083 Iter 1000 / 1755 | Time 0.0s | Iter Loss 0.0469 | Iter Mean Loss 0.0514
2024-11-24 14:53:20,438 - root - INFO - CF Training: Epoch 0083 Iter 1500 / 1755 | Time 0.1s | Iter Loss 0.0438 | Iter Mean Loss 0.0511
2024-11-24 14:53:33,154 - root - INFO - CF Training: Epoch 0083 Total Iter 1755 | Total Time 89.2s | Iter Mean Loss 0.0511
2024-11-24 14:53:58,734 - root - INFO - CF Training: Epoch 0084 Iter 0500 / 1755 | Time 0.1s | Iter Loss 0.0561 | Iter Mean Loss 0.0509
2024-11-24 14:54:24,194 - root - INFO - CF Training: Epoch 0084 Iter 1000 / 1755 | Time 0.0s | Iter Loss 0.0378 | Iter Mean Loss 0.0509
2024-11-24 14:54:49,391 - root - INFO - CF Training: Epoch 0084 Iter 1500 / 1755 | Time 0.0s | Iter Loss 0.0515 | Iter Mean Loss 0.0506
2024-11-24 14:55:02,761 - root - INFO - CF Training: Epoch 0084 Total Iter 1755 | Total Time 89.6s | Iter Mean Loss 0.0506
2024-11-24 14:55:28,600 - root - INFO - CF Training: Epoch 0085 Iter 0500 / 1755 | Time 0.1s | Iter Loss 0.0607 | Iter Mean Loss 0.0502
2024-11-24 14:55:53,812 - root - INFO - CF Training: Epoch 0085 Iter 1000 / 1755 | Time 0.1s | Iter Loss 0.0457 | Iter Mean Loss 0.0501
2024-11-24 14:56:19,408 - root - INFO - CF Training: Epoch 0085 Iter 1500 / 1755 | Time 0.1s | Iter Loss 0.0401 | Iter Mean Loss 0.0500
2024-11-24 14:56:32,534 - root - INFO - CF Training: Epoch 0085 Total Iter 1755 | Total Time 89.8s | Iter Mean Loss 0.0500
2024-11-24 15:07:39,955 - root - INFO - CF Evaluation: Epoch 0085 | Total Time 667.4s | Precision [0.2980, 0.0749], Recall [0.2980, 0.7491], NDCG [0.2980, 0.5056]
2024-11-24 15:08:05,461 - root - INFO - CF Training: Epoch 0086 Iter 0500 / 1755 | Time 0.0s | Iter Loss 0.0483 | Iter Mean Loss 0.0501
2024-11-24 15:08:30,803 - root - INFO - CF Training: Epoch 0086 Iter 1000 / 1755 | Time 0.1s | Iter Loss 0.0463 | Iter Mean Loss 0.0500
2024-11-24 15:08:55,934 - root - INFO - CF Training: Epoch 0086 Iter 1500 / 1755 | Time 0.0s | Iter Loss 0.0664 | Iter Mean Loss 0.0500
2024-11-24 15:09:08,837 - root - INFO - CF Training: Epoch 0086 Total Iter 1755 | Total Time 88.9s | Iter Mean Loss 0.0500
2024-11-24 15:09:34,280 - root - INFO - CF Training: Epoch 0087 Iter 0500 / 1755 | Time 0.1s | Iter Loss 0.0475 | Iter Mean Loss 0.0492
2024-11-24 15:09:59,514 - root - INFO - CF Training: Epoch 0087 Iter 1000 / 1755 | Time 0.0s | Iter Loss 0.0487 | Iter Mean Loss 0.0493
2024-11-24 15:10:24,930 - root - INFO - CF Training: Epoch 0087 Iter 1500 / 1755 | Time 0.0s | Iter Loss 0.0445 | Iter Mean Loss 0.0491
2024-11-24 15:10:37,775 - root - INFO - CF Training: Epoch 0087 Total Iter 1755 | Total Time 88.9s | Iter Mean Loss 0.0492
2024-11-24 15:11:02,910 - root - INFO - CF Training: Epoch 0088 Iter 0500 / 1755 | Time 0.1s | Iter Loss 0.0414 | Iter Mean Loss 0.0490
2024-11-24 15:11:28,241 - root - INFO - CF Training: Epoch 0088 Iter 1000 / 1755 | Time 0.0s | Iter Loss 0.0430 | Iter Mean Loss 0.0494
2024-11-24 15:11:53,593 - root - INFO - CF Training: Epoch 0088 Iter 1500 / 1755 | Time 0.1s | Iter Loss 0.0319 | Iter Mean Loss 0.0492
2024-11-24 15:12:06,318 - root - INFO - CF Training: Epoch 0088 Total Iter 1755 | Total Time 88.5s | Iter Mean Loss 0.0492
2024-11-24 15:12:31,731 - root - INFO - CF Training: Epoch 0089 Iter 0500 / 1755 | Time 0.0s | Iter Loss 0.0477 | Iter Mean Loss 0.0482
2024-11-24 15:12:57,303 - root - INFO - CF Training: Epoch 0089 Iter 1000 / 1755 | Time 0.0s | Iter Loss 0.0456 | Iter Mean Loss 0.0486
2024-11-24 15:13:22,831 - root - INFO - CF Training: Epoch 0089 Iter 1500 / 1755 | Time 0.0s | Iter Loss 0.0514 | Iter Mean Loss 0.0487
2024-11-24 15:13:35,632 - root - INFO - CF Training: Epoch 0089 Total Iter 1755 | Total Time 89.3s | Iter Mean Loss 0.0487
2024-11-24 15:14:00,895 - root - INFO - CF Training: Epoch 0090 Iter 0500 / 1755 | Time 0.1s | Iter Loss 0.0482 | Iter Mean Loss 0.0487
2024-11-24 15:14:26,748 - root - INFO - CF Training: Epoch 0090 Iter 1000 / 1755 | Time 0.1s | Iter Loss 0.0490 | Iter Mean Loss 0.0482
2024-11-24 15:14:52,288 - root - INFO - CF Training: Epoch 0090 Iter 1500 / 1755 | Time 0.1s | Iter Loss 0.0487 | Iter Mean Loss 0.0483
2024-11-24 15:15:05,094 - root - INFO - CF Training: Epoch 0090 Total Iter 1755 | Total Time 89.5s | Iter Mean Loss 0.0482
2024-11-24 15:26:12,298 - root - INFO - CF Evaluation: Epoch 0090 | Total Time 667.2s | Precision [0.2991, 0.0750], Recall [0.2991, 0.7501], NDCG [0.2991, 0.5068]
2024-11-24 15:26:12,303 - root - INFO - Best CF Evaluation: Epoch 0065 | Precision [0.3002, 0.0753], Recall [0.3002, 0.7533], NDCG [0.3002, 0.5093]
Hello
*** CF Evaluation @1 ***
Precision@1   :  0.2539762
Recall@1      :  0.2539762
NDCG@1        :  0.25397619285785733
*** CF Evaluation @5 ***
Precision@5   :  0.11069121
Recall@5      :  0.553456
NDCG@5        :  0.41042025684634925
*** CF Evaluation @10 ***
Precision@10   :  0.06989698
Recall@10      :  0.69896966
NDCG@10        :  0.457534392666916