2024-12-09 01:31:35,935 - root - INFO - Namespace(lr=0.001, decay=0.99, batch=256, inter_batch=4096, note=None, lambda1=0.2, epoch=400, d=64, q=5, gnn_layer=2, data_name='mooccubex', dropout=0.0, temp=0.2, lambda2=1e-07, cuda='0', saved_model_path='/kaggle/working/sample/saved_model/', use_pretrain=0, data_dir='/kaggle/input/data-for-course-reccommendation', log_path='/kaggle/working/sample/log/', stopping_steps=5)
2024-12-09 01:31:42,472 - root - INFO - user_num: 99970, item_num: 2828, lambda_1: 0.2, lambda_2: 1e-07, temp: 0.2, q: 5
2024-12-09 01:33:47,921 - root - INFO - Epoch: 1, Loss: 3.176661856896785, Loss_r: 0.4279838501049337, Loss_s: 2.746410502388157
2024-12-09 01:35:50,389 - root - INFO - Epoch: 2, Loss: 2.460396548338523, Loss_r: 0.2900819741104621, Loss_s: 2.1642575312855574
2024-12-09 01:37:53,072 - root - INFO - Epoch: 3, Loss: 2.324132715651006, Loss_r: 0.27315314361880744, Loss_s: 2.0427826385020125
2024-12-09 01:39:56,246 - root - INFO - Epoch: 4, Loss: 2.2879044672894313, Loss_r: 0.26343557136748535, Loss_s: 2.0152952480967876
2024-12-09 01:41:59,519 - root - INFO - Epoch: 5, Loss: 2.273362108135006, Loss_r: 0.2565583674945701, Loss_s: 2.007229595901211
2024-12-09 01:43:30,958 - root - INFO - Test of epoch 5: Recall@1: 0.20819935938422193, Recall@5: 0.46547314578005117, Ndcg@5: 0.3419307551536278, Recall@10: 0.5925371643222507, Ndcg@10: 0.38299974823838767
2024-12-09 01:43:31,045 - root - INFO - Save model on epoch 0005!
2024-12-09 01:45:33,176 - root - INFO - Epoch: 6, Loss: 2.2660086817513294, Loss_r: 0.2517898886852764, Loss_s: 2.0044497254226092
2024-12-09 01:47:35,919 - root - INFO - Epoch: 7, Loss: 2.2609742676207034, Loss_r: 0.24769233710266192, Loss_s: 2.003380827045658
2024-12-09 01:49:39,099 - root - INFO - Epoch: 8, Loss: 2.2572372910102025, Loss_r: 0.24450796547267323, Loss_s: 2.0027194875791023
2024-12-09 01:51:42,495 - root - INFO - Epoch: 9, Loss: 2.2542329040909683, Loss_r: 0.2416533347142856, Loss_s: 2.0024834988057476
2024-12-09 01:53:45,482 - root - INFO - Epoch: 10, Loss: 2.2518911046699404, Loss_r: 0.23951579864584505, Loss_s: 2.00220648330002
2024-12-09 01:55:16,206 - root - INFO - Test of epoch 10: Recall@1: 0.2166025231162699, Recall@5: 0.47446266968325795, Ndcg@5: 0.3511449080615264, Recall@10: 0.5997596153846154, Ndcg@10: 0.391685251504586
2024-12-09 01:55:16,336 - root - INFO - Save model on epoch 0010!
2024-12-09 01:57:18,595 - root - INFO - Epoch: 11, Loss: 2.249979536191206, Loss_r: 0.23757473560970846, Loss_s: 2.002174380971522
2024-12-09 01:59:21,320 - root - INFO - Epoch: 12, Loss: 2.248377775548531, Loss_r: 0.236146732010711, Loss_s: 2.001950151556445
2024-12-09 02:01:24,342 - root - INFO - Epoch: 13, Loss: 2.2468530148742953, Loss_r: 0.23472261842942727, Loss_s: 2.001810440984565
2024-12-09 02:03:27,635 - root - INFO - Epoch: 14, Loss: 2.245727964848755, Loss_r: 0.23367440659798902, Loss_s: 2.001699610831797
2024-12-09 02:05:30,826 - root - INFO - Epoch: 15, Loss: 2.2447181682108748, Loss_r: 0.23274804067910396, Loss_s: 2.0015885227090404
2024-12-09 02:07:02,744 - root - INFO - Test of epoch 15: Recall@1: 0.21927964538658273, Recall@5: 0.4799577021444029, Ndcg@5: 0.35535719917052616, Recall@10: 0.603975260672831, Ndcg@10: 0.3954745310301191
2024-12-09 02:07:02,863 - root - INFO - Save model on epoch 0015!
2024-12-09 02:09:05,032 - root - INFO - Epoch: 16, Loss: 2.2438083944125164, Loss_r: 0.23201668500085626, Loss_s: 2.0013869305678003
2024-12-09 02:11:07,482 - root - INFO - Epoch: 17, Loss: 2.2430403319469616, Loss_r: 0.23117226518368122, Loss_s: 2.001438606572857
2024-12-09 02:13:10,390 - root - INFO - Epoch: 18, Loss: 2.2420538927265072, Loss_r: 0.23025636079642658, Loss_s: 2.0013539500551505
2024-12-09 02:15:13,525 - root - INFO - Epoch: 19, Loss: 2.2413491605354605, Loss_r: 0.22974809345731975, Loss_s: 2.0011411324177355
2024-12-09 02:17:16,780 - root - INFO - Epoch: 20, Loss: 2.2411079911816363, Loss_r: 0.22970063264793578, Loss_s: 2.000933417698245
2024-12-09 02:18:48,684 - root - INFO - Test of epoch 20: Recall@1: 0.22146477842809364, Recall@5: 0.48155586022034236, Ndcg@5: 0.35751516082587115, Recall@10: 0.6052334374385205, Ndcg@10: 0.39753693415386326
2024-12-09 02:18:48,795 - root - INFO - Save model on epoch 0020!
2024-12-09 02:20:50,745 - root - INFO - Epoch: 21, Loss: 2.240587198652819, Loss_r: 0.22923374250700915, Loss_s: 2.0008654637868966
2024-12-09 02:22:53,348 - root - INFO - Epoch: 22, Loss: 2.240073348503721, Loss_r: 0.2288367619954372, Loss_s: 2.0007371981214552
2024-12-09 02:24:56,456 - root - INFO - Epoch: 23, Loss: 2.2396416061288402, Loss_r: 0.22857903405718488, Loss_s: 2.0005512943571957
2024-12-09 02:26:59,545 - root - INFO - Epoch: 24, Loss: 2.239271625027841, Loss_r: 0.22841583613246882, Loss_s: 2.000333765373143
2024-12-09 02:29:02,798 - root - INFO - Epoch: 25, Loss: 2.2386618925933144, Loss_r: 0.2279641389303707, Loss_s: 2.0001659643134113
2024-12-09 02:30:35,171 - root - INFO - Test of epoch 25: Recall@1: 0.22090715989573087, Recall@5: 0.4840728285461342, Ndcg@5: 0.35843306276003317, Recall@10: 0.6072808565315758, Ndcg@10: 0.39825366871515316
2024-12-09 02:30:35,282 - root - INFO - Save model on epoch 0025!
2024-12-09 02:32:37,387 - root - INFO - Epoch: 26, Loss: 2.238317315833715, Loss_r: 0.2277134154543518, Loss_s: 2.000059360795249
2024-12-09 02:34:40,012 - root - INFO - Epoch: 27, Loss: 2.237963127383882, Loss_r: 0.2276509889573334, Loss_s: 1.9997546898205352
2024-12-09 02:36:43,089 - root - INFO - Epoch: 28, Loss: 2.2374408532926866, Loss_r: 0.22732146495024, Loss_s: 1.999546689433226
2024-12-09 02:38:46,276 - root - INFO - Epoch: 29, Loss: 2.237197219918149, Loss_r: 0.22755574209271912, Loss_s: 1.9990571919226157
2024-12-09 02:40:49,374 - root - INFO - Epoch: 30, Loss: 2.2365803680550265, Loss_r: 0.22729355986134608, Loss_s: 1.9986849216774005
2024-12-09 02:42:20,828 - root - INFO - Test of epoch 30: Recall@1: 0.22460330390517413, Recall@5: 0.4846123106433209, Ndcg@5: 0.36037665405827496, Recall@10: 0.6082005889730474, Ndcg@10: 0.4003722784138702
2024-12-09 02:42:20,937 - root - INFO - Save model on epoch 0030!
2024-12-09 02:44:23,025 - root - INFO - Epoch: 31, Loss: 2.2362123828270986, Loss_r: 0.22730667872146484, Loss_s: 1.998285781278154
2024-12-09 02:46:25,712 - root - INFO - Epoch: 32, Loss: 2.235698945429982, Loss_r: 0.22730068054584815, Loss_s: 1.9977590508232899
2024-12-09 02:48:28,795 - root - INFO - Epoch: 33, Loss: 2.235272279361386, Loss_r: 0.22729928190724452, Loss_s: 1.9973119160580473
2024-12-09 02:50:32,130 - root - INFO - Epoch: 34, Loss: 2.2343234445619693, Loss_r: 0.22686935550531115, Loss_s: 1.9967718080942072
2024-12-09 02:52:35,635 - root - INFO - Epoch: 35, Loss: 2.2338645626580798, Loss_r: 0.22715301129432366, Loss_s: 1.9960059875236285
2024-12-09 02:54:06,435 - root - INFO - Test of epoch 35: Recall@1: 0.2267921257131615, Recall@5: 0.484960745376746, Ndcg@5: 0.3618432260565654, Recall@10: 0.6091681216801103, Ndcg@10: 0.4020333583122763
2024-12-09 02:54:06,545 - root - INFO - Save model on epoch 0035!
2024-12-09 02:56:08,663 - root - INFO - Epoch: 36, Loss: 2.233205885984903, Loss_r: 0.2269969996327963, Loss_s: 1.9954791929835882
2024-12-09 02:58:11,280 - root - INFO - Epoch: 37, Loss: 2.2329285905138505, Loss_r: 0.22723507959234415, Loss_s: 1.9949384683357012
2024-12-09 03:00:14,396 - root - INFO - Epoch: 38, Loss: 2.2320822463763332, Loss_r: 0.22688669142799117, Loss_s: 1.9944180581455622
2024-12-09 03:02:17,712 - root - INFO - Epoch: 39, Loss: 2.231871575049224, Loss_r: 0.22731283110203668, Loss_s: 1.9937548680837713
2024-12-09 03:04:20,971 - root - INFO - Epoch: 40, Loss: 2.231364103547533, Loss_r: 0.2273613937827069, Loss_s: 1.993176740231438
2024-12-09 03:05:52,967 - root - INFO - Test of epoch 40: Recall@1: 0.22645122221129252, Recall@5: 0.4859122934290773, Ndcg@5: 0.36202946388671636, Recall@10: 0.6106785178536297, Ndcg@10: 0.40237077524882514
2024-12-09 03:05:53,078 - root - INFO - Save model on epoch 0040!
2024-12-09 03:07:55,310 - root - INFO - Epoch: 41, Loss: 2.23087704914849, Loss_r: 0.2272715815650575, Loss_s: 1.9927605914635105
2024-12-09 03:09:58,048 - root - INFO - Epoch: 42, Loss: 2.230809691283589, Loss_r: 0.2275557014624459, Loss_s: 1.9923892743495168
2024-12-09 03:12:01,412 - root - INFO - Epoch: 43, Loss: 2.230166098522977, Loss_r: 0.22734435517043894, Loss_s: 1.9919373475880722
2024-12-09 03:14:04,654 - root - INFO - Epoch: 44, Loss: 2.229820915669678, Loss_r: 0.22722497338042988, Loss_s: 1.991698608039995
2024-12-09 03:16:08,089 - root - INFO - Epoch: 45, Loss: 2.229283300782119, Loss_r: 0.22714513883096482, Loss_s: 1.9912273299992764
2024-12-09 03:17:40,499 - root - INFO - Test of epoch 45: Recall@1: 0.22759858228408422, Recall@5: 0.4889375430356089, Ndcg@5: 0.3643368018271125, Recall@10: 0.6090894279952784, Ndcg@10: 0.40316357247425594
2024-12-09 03:19:42,788 - root - INFO - Epoch: 46, Loss: 2.229109093920245, Loss_r: 0.22715065263398415, Loss_s: 1.991033405269197
2024-12-09 03:21:45,588 - root - INFO - Epoch: 47, Loss: 2.228934547624175, Loss_r: 0.22727931703277493, Loss_s: 1.9907191522029104
2024-12-09 03:23:48,901 - root - INFO - Epoch: 48, Loss: 2.228539548322117, Loss_r: 0.22714212339939996, Loss_s: 1.9904511083502976
2024-12-09 03:25:52,395 - root - INFO - Epoch: 49, Loss: 2.228287327533974, Loss_r: 0.2269827167170466, Loss_s: 1.9903467260895122
2024-12-09 03:27:55,823 - root - INFO - Epoch: 50, Loss: 2.2279824140674704, Loss_r: 0.22690867627535974, Loss_s: 1.9901083946771123
2024-12-09 03:29:28,444 - root - INFO - Test of epoch 50: Recall@1: 0.22780177183749753, Recall@5: 0.48874864745229196, Ndcg@5: 0.3643144416299227, Recall@10: 0.6113169818512689, Ndcg@10: 0.40391740557396416
2024-12-09 03:29:28,553 - root - INFO - Save model on epoch 0050!
2024-12-09 03:31:30,785 - root - INFO - Epoch: 51, Loss: 2.2277233758113923, Loss_r: 0.22681817310546146, Loss_s: 1.9899345047110033
2024-12-09 03:33:33,512 - root - INFO - Epoch: 52, Loss: 2.227715611729372, Loss_r: 0.22711506139716145, Loss_s: 1.9896222893360807
2024-12-09 03:35:36,831 - root - INFO - Epoch: 53, Loss: 2.2274130976553117, Loss_r: 0.22678131252052028, Loss_s: 1.9896437307153585
2024-12-09 03:37:40,277 - root - INFO - Epoch: 54, Loss: 2.22730055648265, Loss_r: 0.22690283067541406, Loss_s: 1.9894055616882775
2024-12-09 03:39:44,052 - root - INFO - Epoch: 55, Loss: 2.2270997716517003, Loss_r: 0.22683615106792276, Loss_s: 1.9892645512192015
2024-12-09 03:41:17,338 - root - INFO - Test of epoch 55: Recall@1: 0.22885798863859924, Recall@5: 0.4878395202144403, Ndcg@5: 0.3645814495224245, Recall@10: 0.6111662035215424, Ndcg@10: 0.40442781837523584
2024-12-09 03:43:19,500 - root - INFO - Epoch: 56, Loss: 2.2270710359673296, Loss_r: 0.22681477306100936, Loss_s: 1.9892534533502844
2024-12-09 03:45:22,221 - root - INFO - Epoch: 57, Loss: 2.22687679488458, Loss_r: 0.22662934840811683, Loss_s: 1.9892409849818584
2024-12-09 03:47:25,411 - root - INFO - Epoch: 58, Loss: 2.2267866753771526, Loss_r: 0.22647289181624566, Loss_s: 1.9893053283995539
2024-12-09 03:49:28,564 - root - INFO - Epoch: 59, Loss: 2.2265954739955127, Loss_r: 0.2267470299043525, Loss_s: 1.988836495371234
2024-12-09 03:51:31,766 - root - INFO - Epoch: 60, Loss: 2.226529675898628, Loss_r: 0.22666816759625438, Loss_s: 1.9888428639713887
2024-12-09 03:53:02,995 - root - INFO - Test of epoch 60: Recall@1: 0.22886920863663193, Recall@5: 0.48908770657092265, Ndcg@5: 0.3653892565084563, Recall@10: 0.6102171146468621, Ndcg@10: 0.40452878621472266
2024-12-09 03:55:05,238 - root - INFO - Epoch: 61, Loss: 2.226387045106475, Loss_r: 0.22643511374067338, Loss_s: 1.9889331238687988
2024-12-09 03:57:08,136 - root - INFO - Epoch: 62, Loss: 2.226457575730691, Loss_r: 0.2265903929032063, Loss_s: 1.9888470816449315
2024-12-09 03:59:11,256 - root - INFO - Epoch: 63, Loss: 2.226113714769924, Loss_r: 0.2265319871060669, Loss_s: 1.9885578584562402
2024-12-09 04:01:14,667 - root - INFO - Epoch: 64, Loss: 2.22616287407408, Loss_r: 0.22643784655932686, Loss_s: 1.988697045756364
2024-12-09 04:03:18,188 - root - INFO - Epoch: 65, Loss: 2.2259242827908596, Loss_r: 0.22623967577900594, Loss_s: 1.9886530423218678
2024-12-09 04:04:50,057 - root - INFO - Test of epoch 65: Recall@1: 0.228129918355302, Recall@5: 0.4888863614007476, Ndcg@5: 0.36464410112425244, Recall@10: 0.61171536863073, Ndcg@10: 0.40432836457745336
2024-12-09 04:04:50,171 - root - INFO - Save model on epoch 0065!
2024-12-09 04:06:52,452 - root - INFO - Epoch: 66, Loss: 2.2258910692905785, Loss_r: 0.2264052275101525, Loss_s: 1.9884531400198273
2024-12-09 04:08:55,416 - root - INFO - Epoch: 67, Loss: 2.2260203698229954, Loss_r: 0.22625334873150585, Loss_s: 1.9887327230058118
2024-12-09 04:10:58,726 - root - INFO - Epoch: 68, Loss: 2.225725004504645, Loss_r: 0.22636389759515577, Loss_s: 1.9883275165101661
2024-12-09 04:13:01,908 - root - INFO - Epoch: 69, Loss: 2.2254624833821706, Loss_r: 0.22603086444945977, Loss_s: 1.9883950123211245
2024-12-09 04:15:05,405 - root - INFO - Epoch: 70, Loss: 2.225578265744081, Loss_r: 0.22616136338824835, Loss_s: 1.9883769538788154
2024-12-09 04:16:37,366 - root - INFO - Test of epoch 70: Recall@1: 0.2304461563053315, Recall@5: 0.4891370438225457, Ndcg@5: 0.3659547770833137, Recall@10: 0.6123154079775723, Ndcg@10: 0.4058127369872819
2024-12-09 04:16:37,477 - root - INFO - Save model on epoch 0070!
2024-12-09 04:18:39,706 - root - INFO - Epoch: 71, Loss: 2.2255034224047474, Loss_r: 0.226159621921107, Loss_s: 1.98830342564333
2024-12-09 04:20:42,831 - root - INFO - Epoch: 72, Loss: 2.225400751978498, Loss_r: 0.22619258929765307, Loss_s: 1.9881667156697407
2024-12-09 04:22:46,272 - root - INFO - Epoch: 73, Loss: 2.2253712776853174, Loss_r: 0.2260058965525486, Loss_s: 1.9883196750371495
2024-12-09 04:24:49,823 - root - INFO - Epoch: 74, Loss: 2.225550990441394, Loss_r: 0.22622981399365602, Loss_s: 1.9882758491946244
2024-12-09 04:26:53,276 - root - INFO - Epoch: 75, Loss: 2.2252382308855685, Loss_r: 0.22599033060948234, Loss_s: 1.9882023185152127
2024-12-09 04:28:25,864 - root - INFO - Test of epoch 75: Recall@1: 0.22996907584103876, Recall@5: 0.49025596965374774, Ndcg@5: 0.36620079173761677, Recall@10: 0.6111065684635059, Ndcg@10: 0.40526262847321914
2024-12-09 04:30:28,172 - root - INFO - Epoch: 76, Loss: 2.225313582018459, Loss_r: 0.22612614749775933, Loss_s: 1.988140680523831
2024-12-09 04:32:30,950 - root - INFO - Epoch: 77, Loss: 2.225063018212286, Loss_r: 0.22603134841473607, Loss_s: 1.9879819738566196
2024-12-09 04:34:34,263 - root - INFO - Epoch: 78, Loss: 2.225017316249074, Loss_r: 0.2259043136734626, Loss_s: 1.9880619209285206
2024-12-09 04:36:38,060 - root - INFO - Epoch: 79, Loss: 2.224947592663602, Loss_r: 0.22570304348555675, Loss_s: 1.988192939541063
2024-12-09 04:38:41,616 - root - INFO - Epoch: 80, Loss: 2.224796582463119, Loss_r: 0.22574197580711172, Loss_s: 1.988004166607433
2024-12-09 04:40:12,934 - root - INFO - Test of epoch 80: Recall@1: 0.2301186245819398, Recall@5: 0.48919637148337597, Ndcg@5: 0.3657872344936698, Recall@10: 0.6126157350481999, Ndcg@10: 0.4056812649977228
2024-12-09 04:40:13,047 - root - INFO - Save model on epoch 0080!
2024-12-09 04:42:15,389 - root - INFO - Epoch: 81, Loss: 2.224808510452305, Loss_r: 0.22555856338801852, Loss_s: 1.9881972289031078
2024-12-09 04:44:18,062 - root - INFO - Epoch: 82, Loss: 2.224736452102661, Loss_r: 0.22557659752683923, Loss_s: 1.988108323212365
2024-12-09 04:46:21,416 - root - INFO - Epoch: 83, Loss: 2.2246231435371695, Loss_r: 0.2255557358672244, Loss_s: 1.9880136905878714
2024-12-09 04:48:24,946 - root - INFO - Epoch: 84, Loss: 2.2246858210118323, Loss_r: 0.22566442082981858, Loss_s: 1.9879659031409609
2024-12-09 04:50:28,333 - root - INFO - Epoch: 85, Loss: 2.2246794331318154, Loss_r: 0.2256911354551011, Loss_s: 1.9879303616651913
2024-12-09 04:51:58,575 - root - INFO - Test of epoch 85: Recall@1: 0.23012738540232144, Recall@5: 0.48907710136730276, Ndcg@5: 0.3655224904738192, Recall@10: 0.6119351576332874, Ndcg@10: 0.4052628015137679
2024-12-09 04:54:00,830 - root - INFO - Epoch: 86, Loss: 2.224651891169624, Loss_r: 0.2257966810247621, Loss_s: 1.987798538186284
2024-12-09 04:56:03,887 - root - INFO - Epoch: 87, Loss: 2.224373756074145, Loss_r: 0.22551691039955427, Loss_s: 1.9877996607630561
2024-12-09 04:58:07,269 - root - INFO - Epoch: 88, Loss: 2.2245465096145667, Loss_r: 0.22557929596080867, Loss_s: 1.9879079872491963
2024-12-09 05:00:10,771 - root - INFO - Epoch: 89, Loss: 2.22454420200513, Loss_r: 0.2255565082836803, Loss_s: 1.98792925646745
2024-12-09 05:02:14,348 - root - INFO - Epoch: 90, Loss: 2.2245895238020426, Loss_r: 0.22577429985402656, Loss_s: 1.9877579576062179
2024-12-09 05:03:46,040 - root - INFO - Test of epoch 90: Recall@1: 0.23058602203423176, Recall@5: 0.4902459792445406, Ndcg@5: 0.3663322104195415, Recall@10: 0.6114858966161716, Ndcg@10: 0.405511051413642
2024-12-09 05:05:48,337 - root - INFO - Epoch: 91, Loss: 2.2246184957326136, Loss_r: 0.22578120418317227, Loss_s: 1.9877806918224603
2024-12-09 05:07:51,425 - root - INFO - Epoch: 92, Loss: 2.224243274310727, Loss_r: 0.2253240134422763, Loss_s: 1.9878579158174694
2024-12-09 05:09:54,657 - root - INFO - Epoch: 93, Loss: 2.224306346615246, Loss_r: 0.22541520474711962, Loss_s: 1.9878293924831312
2024-12-09 05:11:58,130 - root - INFO - Epoch: 94, Loss: 2.2242376565390134, Loss_r: 0.22535387601423373, Loss_s: 1.9878234149111702
2024-12-09 05:14:01,520 - root - INFO - Epoch: 95, Loss: 2.2243473318008737, Loss_r: 0.2254891467189463, Loss_s: 1.987797175018554
2024-12-09 05:15:33,505 - root - INFO - Test of epoch 95: Recall@1: 0.2305672708046429, Recall@5: 0.4898666510918748, Ndcg@5: 0.3663928072627978, Recall@10: 0.6119460702341137, Ndcg@10: 0.40584830610200356
2024-12-09 05:17:35,870 - root - INFO - Epoch: 96, Loss: 2.2241464535576334, Loss_r: 0.22539392018644033, Loss_s: 1.9876917266628464
2024-12-09 05:19:39,021 - root - INFO - Epoch: 97, Loss: 2.224265845870103, Loss_r: 0.2253084961401303, Loss_s: 1.987894945372753
2024-12-09 05:21:42,493 - root - INFO - Epoch: 98, Loss: 2.2241757236472024, Loss_r: 0.22533974672640103, Loss_s: 1.9877735028777417
2024-12-09 05:23:46,083 - root - INFO - Epoch: 99, Loss: 2.22415551237745, Loss_r: 0.2253405547155606, Loss_s: 1.987754729179695
2024-12-09 05:25:49,743 - root - INFO - Epoch: 100, Loss: 2.2243328925417334, Loss_r: 0.2254752291362215, Loss_s: 1.9877985971120604
2024-12-09 05:27:22,385 - root - INFO - Test of epoch 100: Recall@1: 0.2293671921109581, Recall@5: 0.4905054224867204, Ndcg@5: 0.36627707508849916, Recall@10: 0.6114059733425143, Ndcg@10: 0.40535479147501957
2024-12-09 05:29:24,526 - root - INFO - Epoch: 101, Loss: 2.224141608609697, Loss_r: 0.2253485637332964, Loss_s: 1.9877319946919052
2024-12-09 05:31:27,798 - root - INFO - Epoch: 102, Loss: 2.224146649614825, Loss_r: 0.22548774000180882, Loss_s: 1.9875982253046405
2024-12-09 05:33:31,355 - root - INFO - Epoch: 103, Loss: 2.223873921027216, Loss_r: 0.22507216705005098, Loss_s: 1.9877391586542672
2024-12-09 05:35:35,154 - root - INFO - Epoch: 104, Loss: 2.2237797913084267, Loss_r: 0.22499565756402418, Loss_s: 1.9877237602898634
2024-12-09 05:37:38,512 - root - INFO - Epoch: 105, Loss: 2.223898784446282, Loss_r: 0.22517373631782575, Loss_s: 1.9876636649590147
2024-12-09 05:39:11,541 - root - INFO - Test of epoch 105: Recall@1: 0.22942867155223295, Recall@5: 0.48949639115679716, Ndcg@5: 0.36571057576629695, Recall@10: 0.611236443783199, Ndcg@10: 0.4050637980427398
2024-12-09 05:40:43,442 - root - INFO - Final test: Recall@1: 0.1890614241097777, Recall@5: 0.43065057544757035, Ndcg@5: 0.3149707193763057, Recall@10: 0.5527278428093646, Ndcg@10: 0.35443538381733874
